#
# A fatal error has been detected by the Java Runtime Environment:
#
#  SIGSEGV (0xb) at pc=0x0000000107de7160, pid=4160, tid=14339
#
# JRE version: Java(TM) SE Runtime Environment (7.0_51-b13) (build 1.7.0_51-b13)
# Java VM: Java HotSpot(TM) 64-Bit Server VM (24.51-b03 mixed mode bsd-amd64 compressed oops)
# Problematic frame:
# V  [libjvm.dylib+0x1e7160]
#
# Failed to write core dump. Core dumps have been disabled. To enable core dumping, try "ulimit -c unlimited" before starting Java again
#
# If you would like to submit a bug report, please visit:
#   http://bugreport.sun.com/bugreport/crash.jsp
#

---------------  T H R E A D  ---------------

Current thread (0x00007fe5c2044800):  GCTaskThread [stack: 0x000000010f2e7000,0x000000010f3e7000] [id=14339]

siginfo:si_signo=SIGSEGV: si_errno=0, si_code=1 (SEGV_MAPERR), si_addr=0x00007d077b7309f0

Registers:
RAX=0x000000077b7361a0, RBX=0x00007d077b7309d8, RCX=0x00000000000000b9, RDX=0x0000000000000000
RSP=0x000000010f3e65f0, RBP=0x000000010f3e65f0, RSI=0x0000000000000005, RDI=0x00007d077b7309d8
R8 =0x0000000000000001, R9 =0x0000000000000400, R10=0x000000000000000a, R11=0x000000010f3e66a8
R12=0x000000010f3e6678, R13=0x000000010f3e6750, R14=0x000000010f3e6750, R15=0x0000000107b1e6a0
RIP=0x0000000107de7160, EFLAGS=0x0000000000010246, ERR=0x0000000000000004
  TRAPNO=0x000000000000000e

Top of Stack: (sp=0x000000010f3e65f0)
0x000000010f3e65f0:   000000010f3e6610 0000000107de7240
0x000000010f3e6600:   000000010f3e6750 000000010f3e6da0
0x000000010f3e6610:   000000010f3e6740 0000000107e4749d
0x000000010f3e6620:   000000010f3e6640 0000000007b1df00
0x000000010f3e6630:   000000010f3e6780 0000000107fff906
0x000000010f3e6640:   00007fe5c2044800 0000001b07fff906
0x000000010f3e6650:   000000010f3e6670 000000010f3e6708
0x000000010f3e6660:   000000010f3e6680 0000000107ffb43c
0x000000010f3e6670:   000000010f3e6708 000000077b7361fb
0x000000010f3e6680:   00000001000000b9 0000000107b1e6a0
0x000000010f3e6690:   000000077b741a80 000000010f3e6708
0x000000010f3e66a0:   000000010f3e6708 000000010f3e6750
0x000000010f3e66b0:   000000010f3e6780 000000010f3e6750
0x000000010f3e66c0:   000000010f3e66f0 0000000107e4930b
0x000000010f3e66d0:   000000010f3e6750 000000010f3e6780
0x000000010f3e66e0:   000000010f3e6da0 00007fe5c4000800
0x000000010f3e66f0:   000000010f3e6740 0000000107df3b33
0x000000010f3e6700:   000000010f3e6740 0000000107e47610
0x000000010f3e6710:   00000001087658e1 000000010f3e6d80
0x000000010f3e6720:   000000010f3e6780 000000010f3e6750
0x000000010f3e6730:   000000010f3e6da0 00007fe5c4000800
0x000000010f3e6740:   000000010f3e6d70 00000001080f04a0
0x000000010f3e6750:   0000000108750950 00000001087658e1
0x000000010f3e6760:   0000000108764310 0000000000000000
0x000000010f3e6770:   00000001087509b0 0000000108750960
0x000000010f3e6780:   000000010874ddd8 000000010874dddc
0x000000010f3e6790:   000000010874ddd0 000000010874ddd4
0x000000010f3e67a0:   000000010874ddc8 000000010874ddcc
0x000000010f3e67b0:   000000010874ddc0 000000010874ddc4
0x000000010f3e67c0:   0000000000000000 0000000000000000
0x000000010f3e67d0:   0000000108750940 0000000108750940
0x000000010f3e67e0:   000000010874dda8 000000010874ddac 

Instructions: (pc=0x0000000107de7160)
0x0000000107de7140:   89 e5 48 8b 47 18 48 63 ce 48 c1 e1 05 48 8b 44
0x0000000107de7150:   08 20 0f b7 c0 5d c3 90 55 48 89 e5 84 d2 75 09
0x0000000107de7160:   48 8b 47 18 48 85 c0 75 28 48 8d 05 20 bb 61 00
0x0000000107de7170:   80 38 00 0f 94 c0 0f b6 c0 48 c1 e0 03 48 03 47 

Register to memory mapping:

RAX=0x000000077b7361a0 is an oop
{constMethod} 
 - klass: {other class}
 - constants:       0x000079077b7309d8 
[error occurred during error reporting (printing register info), id 0xb]

Stack: [0x000000010f2e7000,0x000000010f3e7000],  sp=0x000000010f3e65f0,  free space=1021k
Native frames: (J=compiled Java code, j=interpreted, Vv=VM code, C=native code)
V  [libjvm.dylib+0x1e7160]
V  [libjvm.dylib+0x1e7240]
V  [libjvm.dylib+0x24749d]
V  [libjvm.dylib+0x4f04a0]
V  [libjvm.dylib+0x458c96]
V  [libjvm.dylib+0x269bc7]
V  [libjvm.dylib+0x41b1d6]
C  [libsystem_c.dylib+0x4e8bf]  _pthread_start+0x14f
C  [libsystem_c.dylib+0x51b75]  thread_start+0xd

JavaThread 0x00007fe5c4000800 (nid = 2059) was being processed
Java frames: (J=compiled Java code, j=interpreted, Vv=VM code)
v  ~RuntimeStub::fast_new_instance Runtime1 stub
J  clojure.asm.Type.getType([CI)Lclojure/asm/Type;
J  clojure.asm.Type.getType(Ljava/lang/Class;)Lclojure/asm/Type;
j  clojure.asm.Type.getReturnType(Ljava/lang/reflect/Method;)Lclojure/asm/Type;+4
j  clojure.lang.Compiler$StaticMethodExpr.emit(Lclojure/lang/Compiler$C;Lclojure/lang/Compiler$ObjExpr;Lclojure/asm/commons/GeneratorAdapter;)V+80
j  clojure.lang.Compiler$LetExpr.doEmit(Lclojure/lang/Compiler$C;Lclojure/lang/Compiler$ObjExpr;Lclojure/asm/commons/GeneratorAdapter;Z)V+106
j  clojure.lang.Compiler$LetExpr.emit(Lclojure/lang/Compiler$C;Lclojure/lang/Compiler$ObjExpr;Lclojure/asm/commons/GeneratorAdapter;)V+5
j  clojure.lang.Compiler$BodyExpr.emit(Lclojure/lang/Compiler$C;Lclojure/lang/Compiler$ObjExpr;Lclojure/asm/commons/GeneratorAdapter;)V+75
j  clojure.lang.Compiler$FnMethod.doEmit(Lclojure/lang/Compiler$ObjExpr;Lclojure/asm/ClassVisitor;)V+100
j  clojure.lang.Compiler$FnMethod.emit(Lclojure/lang/Compiler$ObjExpr;Lclojure/asm/ClassVisitor;)V+35
j  clojure.lang.Compiler$FnExpr.emitMethods(Lclojure/asm/ClassVisitor;)V+25
j  clojure.lang.Compiler$ObjExpr.compile(Ljava/lang/String;[Ljava/lang/String;Z)V+1711
j  clojure.lang.Compiler$FnExpr.parse(Lclojure/lang/Compiler$C;Lclojure/lang/ISeq;Ljava/lang/String;)Lclojure/lang/Compiler$Expr;+1050
J  clojure.lang.Compiler.analyzeSeq(Lclojure/lang/Compiler$C;Lclojure/lang/ISeq;Ljava/lang/String;)Lclojure/lang/Compiler$Expr;
J  clojure.lang.Compiler.analyze(Lclojure/lang/Compiler$C;Ljava/lang/Object;Ljava/lang/String;)Lclojure/lang/Compiler$Expr;
J  clojure.lang.Compiler.analyzeSeq(Lclojure/lang/Compiler$C;Lclojure/lang/ISeq;Ljava/lang/String;)Lclojure/lang/Compiler$Expr;
J  clojure.lang.Compiler.analyze(Lclojure/lang/Compiler$C;Ljava/lang/Object;Ljava/lang/String;)Lclojure/lang/Compiler$Expr;
j  clojure.lang.Compiler.access$100(Lclojure/lang/Compiler$C;Ljava/lang/Object;Ljava/lang/String;)Lclojure/lang/Compiler$Expr;+3
j  clojure.lang.Compiler$DefExpr$Parser.parse(Lclojure/lang/Compiler$C;Ljava/lang/Object;)Lclojure/lang/Compiler$Expr;+514
J  clojure.lang.Compiler.analyzeSeq(Lclojure/lang/Compiler$C;Lclojure/lang/ISeq;Ljava/lang/String;)Lclojure/lang/Compiler$Expr;
J  clojure.lang.Compiler.analyze(Lclojure/lang/Compiler$C;Ljava/lang/Object;Ljava/lang/String;)Lclojure/lang/Compiler$Expr;
J  clojure.lang.Compiler.analyze(Lclojure/lang/Compiler$C;Ljava/lang/Object;)Lclojure/lang/Compiler$Expr;
j  clojure.lang.Compiler.eval(Ljava/lang/Object;Z)Ljava/lang/Object;+350
j  clojure.lang.Compiler.load(Ljava/io/Reader;Ljava/lang/String;Ljava/lang/String;)Ljava/lang/Object;+336
j  clojure.lang.RT.loadResourceScript(Ljava/lang/Class;Ljava/lang/String;Z)V+53
j  clojure.lang.RT.loadResourceScript(Ljava/lang/Class;Ljava/lang/String;)V+3
j  clojure.lang.RT.load(Ljava/lang/String;Z)V+246
j  clojure.lang.RT.load(Ljava/lang/String;)V+2
j  clojure.core$load$fn__5018.invoke()Ljava/lang/Object;+17
j  clojure.core$load.doInvoke(Ljava/lang/Object;)Ljava/lang/Object;+744
j  clojure.lang.RestFn.invoke(Ljava/lang/Object;)Ljava/lang/Object;+50
j  clojure.core$load_one.invoke(Ljava/lang/Object;Ljava/lang/Object;Ljava/lang/Object;)Ljava/lang/Object;+24
j  clojure.core$load_lib$fn__4967.invoke()Ljava/lang/Object;+19
j  clojure.core$load_lib.doInvoke(Ljava/lang/Object;Ljava/lang/Object;Ljava/lang/Object;)Ljava/lang/Object;+660
j  clojure.lang.RestFn.applyTo(Lclojure/lang/ISeq;)Ljava/lang/Object;+195
j  clojure.core$apply.invoke(Ljava/lang/Object;Ljava/lang/Object;Ljava/lang/Object;)Ljava/lang/Object;+29
j  clojure.core$load_libs.doInvoke(Ljava/lang/Object;)Ljava/lang/Object;+1048
j  clojure.lang.RestFn.applyTo(Lclojure/lang/ISeq;)Ljava/lang/Object;+136
j  clojure.core$apply.invoke(Ljava/lang/Object;Ljava/lang/Object;Ljava/lang/Object;)Ljava/lang/Object;+29
j  clojure.core$require.doInvoke(Ljava/lang/Object;)Ljava/lang/Object;+21
j  clojure.lang.RestFn.invoke(Ljava/lang/Object;Ljava/lang/Object;Ljava/lang/Object;)Ljava/lang/Object;+74
j  cemerick.pomegranate$loading__4910__auto__.invoke()Ljava/lang/Object;+104
j  cemerick.pomegranate__init.load()V+27
j  cemerick.pomegranate__init.<clinit>()V+15
v  ~StubRoutines::call_stub
J  java.lang.Class.forName0(Ljava/lang/String;ZLjava/lang/ClassLoader;)Ljava/lang/Class;
j  java.lang.Class.forName(Ljava/lang/String;ZLjava/lang/ClassLoader;)Ljava/lang/Class;+35
j  clojure.lang.RT.loadClassForName(Ljava/lang/String;)Ljava/lang/Class;+20
j  clojure.lang.RT.load(Ljava/lang/String;Z)V+179
j  clojure.lang.RT.load(Ljava/lang/String;)V+2
j  clojure.core$load$fn__5018.invoke()Ljava/lang/Object;+17
j  clojure.core$load.doInvoke(Ljava/lang/Object;)Ljava/lang/Object;+744
j  clojure.lang.RestFn.invoke(Ljava/lang/Object;)Ljava/lang/Object;+50
j  clojure.core$load_one.invoke(Ljava/lang/Object;Ljava/lang/Object;Ljava/lang/Object;)Ljava/lang/Object;+24
j  clojure.core$load_lib$fn__4967.invoke()Ljava/lang/Object;+19
j  clojure.core$load_lib.doInvoke(Ljava/lang/Object;Ljava/lang/Object;Ljava/lang/Object;)Ljava/lang/Object;+660
j  clojure.lang.RestFn.applyTo(Lclojure/lang/ISeq;)Ljava/lang/Object;+195
j  clojure.core$apply.invoke(Ljava/lang/Object;Ljava/lang/Object;Ljava/lang/Object;)Ljava/lang/Object;+29
j  clojure.core$load_libs.doInvoke(Ljava/lang/Object;)Ljava/lang/Object;+1048
j  clojure.lang.RestFn.applyTo(Lclojure/lang/ISeq;)Ljava/lang/Object;+136
j  clojure.core$apply.invoke(Ljava/lang/Object;Ljava/lang/Object;Ljava/lang/Object;)Ljava/lang/Object;+29
j  clojure.core$require.doInvoke(Ljava/lang/Object;)Ljava/lang/Object;+21
j  clojure.lang.RestFn.invoke(Ljava/lang/Object;Ljava/lang/Object;Ljava/lang/Object;Ljava/lang/Object;Ljava/lang/Object;Ljava/lang/Object;Ljava/lang/Object;Ljava/lang/Object;Ljava/lang/Object;Ljava/lang/Object;)Ljava/lang/Object;+191
j  leiningen.core.project$loading__4910__auto__.invoke()Ljava/lang/Object;+95

[error occurred during error reporting (printing target Java thread stack), id 0xb]


---------------  P R O C E S S  ---------------

Java Threads: ( => current thread )
  0x00007fe5c400e000 JavaThread "Service Thread" daemon [_thread_blocked, id=22019, stack(0x000000011569f000,0x000000011579f000)]
  0x00007fe5c400a000 JavaThread "C1 CompilerThread2" daemon [_thread_blocked, id=21507, stack(0x000000011559c000,0x000000011569c000)]
  0x00007fe5c2813000 JavaThread "C2 CompilerThread1" daemon [_thread_blocked, id=20995, stack(0x0000000115499000,0x0000000115599000)]
  0x00007fe5c2800800 JavaThread "C2 CompilerThread0" daemon [_thread_blocked, id=20483, stack(0x0000000115396000,0x0000000115496000)]
  0x00007fe5c280b000 JavaThread "Signal Dispatcher" daemon [_thread_blocked, id=19971, stack(0x0000000115293000,0x0000000115393000)]
  0x00007fe5c2084000 JavaThread "Finalizer" daemon [_thread_blocked, id=15875, stack(0x0000000114f89000,0x0000000115089000)]
  0x00007fe5c2081800 JavaThread "Reference Handler" daemon [_thread_blocked, id=15363, stack(0x0000000114e86000,0x0000000114f86000)]
  0x00007fe5c4000800 JavaThread "main" [_thread_blocked, id=2059, stack(0x0000000108654000,0x0000000108754000)]

Other Threads:
  0x00007fe5c2081000 VMThread [stack: 0x0000000114d83000,0x0000000114e83000] [id=14851]
  0x00007fe5c4017000 WatcherThread [stack: 0x00000001157a2000,0x00000001158a2000] [id=22531]

=>0x00007fe5c2044800 (exited) GCTaskThread [stack: 0x000000010f2e7000,0x000000010f3e7000] [id=14339]

VM state:at safepoint (normal execution)

VM Mutex/Monitor currently owned by a thread:  ([mutex/lock_event])
[0x0000000107b1b9a0] Threads_lock - owner thread: 0x00007fe5c2081000
[0x0000000107b1bea0] Heap_lock - owner thread: 0x00007fe5c4000800

Heap
 PSYoungGen      total 38912K, used 33792K [0x00000007d5500000, 0x00000007d8000000, 0x0000000800000000)
  eden space 33792K, 100% used [0x00000007d5500000,0x00000007d7600000,0x00000007d7600000)
  from space 5120K, 0% used [0x00000007d7b00000,0x00000007d7b00000,0x00000007d8000000)
  to   space 5120K, 81% used [0x00000007d7600000,0x00000007d7a17368,0x00000007d7b00000)
 ParOldGen       total 87040K, used 24K [0x0000000780000000, 0x0000000785500000, 0x00000007d5500000)
  object space 87040K, 0% used [0x0000000780000000,0x0000000780006000,0x0000000785500000)
 PSPermGen       total 21504K, used 13393K [0x000000077ae00000, 0x000000077c300000, 0x0000000780000000)
  object space 21504K, 62% used [0x000000077ae00000,0x000000077bb14428,0x000000077c300000)

Card table byte_map: [0x000000010e8df000,0x000000010ed09000] byte_map_base: 0x000000010ad08000

Polling page: 0x0000000107af4000

Code Cache  [0x000000010875f000, 0x0000000108a0f000, 0x000000010e75f000)
 total_blobs=1294 nmethods=1005 adapters=224 free_code_cache=95575Kb largest_free_block=97869184

Compilation events (10 events):
Event: 0.899 Thread 0x00007fe5c400a000 nmethod 1001 0x0000000108a07890 code [0x0000000108a079e0, 0x0000000108a07b28]
Event: 0.899 Thread 0x00007fe5c400a000 1002       1       clojure.lang.Compiler::registerLocal (110 bytes)
Event: 0.900 Thread 0x00007fe5c400a000 nmethod 1002 0x0000000108a07b90 code [0x0000000108a07da0, 0x0000000108a08378]
Event: 0.900 Thread 0x00007fe5c400a000 1003       1       clojure.lang.Compiler$HostExpr::access$400 (6 bytes)
Event: 0.900 Thread 0x00007fe5c400a000 nmethod 1003 0x0000000108a08910 code [0x0000000108a08a60, 0x0000000108a08ba8]
Event: 0.900 Thread 0x00007fe5c400a000 1004       1       clojure.asm.Type::<init> (26 bytes)
Event: 0.900 Thread 0x00007fe5c400a000 nmethod 1004 0x0000000108a08c10 code [0x0000000108a08d60, 0x0000000108a08ed0]
Event: 0.900 Thread 0x00007fe5c400a000 1005       1       clojure.core$seq_QMARK_::invoke (19 bytes)
Event: 0.900 Thread 0x00007fe5c400a000 nmethod 1005 0x0000000108a08f50 code [0x0000000108a090a0, 0x0000000108a09250]
Event: 0.903 Thread 0x00007fe5c400a000 1006       1       clojure.asm.commons.GeneratorAdapter::getStatic (11 bytes)

GC Heap History (1 events):
Event: 0.903 GC heap before
{Heap before GC invocations=1 (full 0):
 PSYoungGen      total 38912K, used 33792K [0x00000007d5500000, 0x00000007d8000000, 0x0000000800000000)
  eden space 33792K, 100% used [0x00000007d5500000,0x00000007d7600000,0x00000007d7600000)
  from space 5120K, 0% used [0x00000007d7b00000,0x00000007d7b00000,0x00000007d8000000)
  to   space 5120K, 0% used [0x00000007d7600000,0x00000007d7600000,0x00000007d7b00000)
 ParOldGen       total 87040K, used 0K [0x0000000780000000, 0x0000000785500000, 0x00000007d5500000)
  object space 87040K, 0% used [0x0000000780000000,0x0000000780000000,0x0000000785500000)
 PSPermGen       total 21504K, used 13393K [0x000000077ae00000, 0x000000077c300000, 0x0000000780000000)
  object space 21504K, 62% used [0x000000077ae00000,0x000000077bb14428,0x000000077c300000)

Deoptimization events (0 events):
No events

Internal exceptions (10 events):
Event: 0.902 Thread 0x00007fe5c4000800 Threw 0x00000007d75cd900 at /HUDSON/workspace/7u-2-build-macosx-x86_64/jdk7u51/527/hotspot/src/share/vm/prims/jvm.cpp:1244
Event: 0.902 Thread 0x00007fe5c4000800 Threw 0x00000007d75ce3a8 at /HUDSON/workspace/7u-2-build-macosx-x86_64/jdk7u51/527/hotspot/src/share/vm/prims/jvm.cpp:1244
Event: 0.902 Thread 0x00007fe5c4000800 Threw 0x00000007d75d21b8 at /HUDSON/workspace/7u-2-build-macosx-x86_64/jdk7u51/527/hotspot/src/share/vm/prims/jvm.cpp:1244
Event: 0.902 Thread 0x00007fe5c4000800 Threw 0x00000007d75d2c60 at /HUDSON/workspace/7u-2-build-macosx-x86_64/jdk7u51/527/hotspot/src/share/vm/prims/jvm.cpp:1244
Event: 0.902 Thread 0x00007fe5c4000800 Threw 0x00000007d75d3bf8 at /HUDSON/workspace/7u-2-build-macosx-x86_64/jdk7u51/527/hotspot/src/share/vm/prims/jvm.cpp:1244
Event: 0.902 Thread 0x00007fe5c4000800 Threw 0x00000007d75d46a0 at /HUDSON/workspace/7u-2-build-macosx-x86_64/jdk7u51/527/hotspot/src/share/vm/prims/jvm.cpp:1244
Event: 0.902 Thread 0x00007fe5c4000800 Threw 0x00000007d75d6f40 at /HUDSON/workspace/7u-2-build-macosx-x86_64/jdk7u51/527/hotspot/src/share/vm/prims/jvm.cpp:1244
Event: 0.902 Thread 0x00007fe5c4000800 Threw 0x00000007d75d79e8 at /HUDSON/workspace/7u-2-build-macosx-x86_64/jdk7u51/527/hotspot/src/share/vm/prims/jvm.cpp:1244
Event: 0.902 Thread 0x00007fe5c4000800 Threw 0x00000007d75d8980 at /HUDSON/workspace/7u-2-build-macosx-x86_64/jdk7u51/527/hotspot/src/share/vm/prims/jvm.cpp:1244
Event: 0.902 Thread 0x00007fe5c4000800 Threw 0x00000007d75d9428 at /HUDSON/workspace/7u-2-build-macosx-x86_64/jdk7u51/527/hotspot/src/share/vm/prims/jvm.cpp:1244

Events (10 events):
Event: 0.902 loading class 0x0000000113b07520 done
Event: 0.902 loading class 0x0000000113b07520
Event: 0.902 loading class 0x0000000113b07520 done
Event: 0.902 loading class 0x0000000107b4ed20
Event: 0.902 loading class 0x0000000107b4ed20 done
Event: 0.902 loading class 0x0000000113b07520
Event: 0.902 loading class 0x0000000113b07520 done
Event: 0.902 loading class 0x0000000113b07520
Event: 0.902 loading class 0x0000000113b07520 done
Event: 0.903 Executing VM operation: ParallelGCFailedAllocation


Dynamic libraries:
0x0000000009ad0000 	/System/Library/Frameworks/Cocoa.framework/Versions/A/Cocoa
0x0000000009ad0000 	/System/Library/Frameworks/Security.framework/Versions/A/Security
0x0000000009ad0000 	/System/Library/Frameworks/ApplicationServices.framework/Versions/A/ApplicationServices
0x0000000009ad0000 	/usr/lib/libz.1.dylib
0x0000000009ad0000 	/usr/lib/libSystem.B.dylib
0x0000000009ad0000 	/usr/lib/libobjc.A.dylib
0x0000000009ad0000 	/System/Library/Frameworks/CoreFoundation.framework/Versions/A/CoreFoundation
0x0000000009ad0000 	/System/Library/Frameworks/Foundation.framework/Versions/C/Foundation
0x0000000009ad0000 	/System/Library/Frameworks/AppKit.framework/Versions/C/AppKit
0x0000000009ad0000 	/System/Library/Frameworks/CoreData.framework/Versions/A/CoreData
0x0000000009ad0000 	/System/Library/PrivateFrameworks/RemoteViewServices.framework/Versions/A/RemoteViewServices
0x0000000009ad0000 	/System/Library/Frameworks/AudioToolbox.framework/Versions/A/AudioToolbox
0x0000000009ad0000 	/System/Library/Frameworks/AudioUnit.framework/Versions/A/AudioUnit
0x0000000009ad0000 	/System/Library/PrivateFrameworks/DataDetectorsCore.framework/Versions/A/DataDetectorsCore
0x0000000009ad0000 	/System/Library/PrivateFrameworks/DesktopServicesPriv.framework/Versions/A/DesktopServicesPriv
0x0000000009ad0000 	/System/Library/Frameworks/Carbon.framework/Versions/A/Frameworks/HIToolbox.framework/Versions/A/HIToolbox
0x0000000009ad0000 	/System/Library/Frameworks/QuartzCore.framework/Versions/A/QuartzCore
0x0000000009ad0000 	/System/Library/Frameworks/Carbon.framework/Versions/A/Frameworks/SpeechRecognition.framework/Versions/A/SpeechRecognition
0x0000000009ad0000 	/usr/lib/libauto.dylib
0x0000000009ad0000 	/usr/lib/libicucore.A.dylib
0x0000000009ad0000 	/usr/lib/libxml2.2.dylib
0x0000000009ad0000 	/System/Library/PrivateFrameworks/CoreUI.framework/Versions/A/CoreUI
0x0000000009ad0000 	/System/Library/Frameworks/CoreAudio.framework/Versions/A/CoreAudio
0x0000000009ad0000 	/System/Library/Frameworks/DiskArbitration.framework/Versions/A/DiskArbitration
0x0000000009ad0000 	/usr/lib/liblangid.dylib
0x0000000009ad0000 	/System/Library/PrivateFrameworks/MultitouchSupport.framework/Versions/A/MultitouchSupport
0x0000000009ad0000 	/System/Library/Frameworks/IOKit.framework/Versions/A/IOKit
0x0000000009ad0000 	/usr/lib/libDiagnosticMessagesClient.dylib
0x0000000009ad0000 	/System/Library/Frameworks/CoreServices.framework/Versions/A/CoreServices
0x0000000009ad0000 	/System/Library/PrivateFrameworks/PerformanceAnalysis.framework/Versions/A/PerformanceAnalysis
0x0000000009ad0000 	/System/Library/PrivateFrameworks/GenerationalStorage.framework/Versions/A/GenerationalStorage
0x0000000009ad0000 	/System/Library/Frameworks/OpenGL.framework/Versions/A/OpenGL
0x0000000009ad0000 	/System/Library/Frameworks/CoreServices.framework/Versions/A/Frameworks/CFNetwork.framework/Versions/A/CFNetwork
0x0000000009ad0000 	/System/Library/Frameworks/SystemConfiguration.framework/Versions/A/SystemConfiguration
0x0000000009ad0000 	/usr/lib/libCRFSuite.dylib
0x0000000009ad0000 	/usr/lib/libc++.1.dylib
0x0000000009ad0000 	/usr/lib/libstdc++.6.dylib
0x0000000009ad0000 	/usr/lib/libc++abi.dylib
0x0000000009ad0000 	/usr/lib/system/libcache.dylib
0x0000000009ad0000 	/usr/lib/system/libcommonCrypto.dylib
0x0000000009ad0000 	/usr/lib/system/libcompiler_rt.dylib
0x0000000009ad0000 	/usr/lib/system/libcopyfile.dylib
0x0000000009ad0000 	/usr/lib/system/libdispatch.dylib
0x0000000009ad0000 	/usr/lib/system/libdnsinfo.dylib
0x0000000009ad0000 	/usr/lib/system/libdyld.dylib
0x0000000009ad0000 	/usr/lib/system/libkeymgr.dylib
0x0000000009ad0000 	/usr/lib/system/liblaunch.dylib
0x0000000009ad0000 	/usr/lib/system/libmacho.dylib
0x0000000009ad0000 	/usr/lib/system/libmathCommon.A.dylib
0x0000000009ad0000 	/usr/lib/system/libquarantine.dylib
0x0000000009ad0000 	/usr/lib/system/libremovefile.dylib
0x0000000009ad0000 	/usr/lib/system/libsystem_blocks.dylib
0x0000000009ad0000 	/usr/lib/system/libsystem_c.dylib
0x0000000009ad0000 	/usr/lib/system/libsystem_dnssd.dylib
0x0000000009ad0000 	/usr/lib/system/libsystem_info.dylib
0x0000000009ad0000 	/usr/lib/system/libsystem_kernel.dylib
0x0000000009ad0000 	/usr/lib/system/libsystem_network.dylib
0x0000000009ad0000 	/usr/lib/system/libsystem_notify.dylib
0x0000000009ad0000 	/usr/lib/system/libsystem_sandbox.dylib
0x0000000009ad0000 	/usr/lib/system/libunc.dylib
0x0000000009ad0000 	/usr/lib/system/libunwind.dylib
0x0000000009ad0000 	/usr/lib/system/libxpc.dylib
0x0000000009ad0000 	/usr/lib/libbsm.0.dylib
0x0000000009ad0000 	/usr/lib/libsqlite3.dylib
0x0000000009ad0000 	/usr/lib/libOpenScriptingUtil.dylib
0x0000000009ad0000 	/usr/lib/libpam.2.dylib
0x0000000009ad0000 	/usr/lib/libxar-nossl.dylib
0x0000000009ad0000 	/usr/lib/libbz2.1.0.dylib
0x0000000009ad0000 	/System/Library/Frameworks/CoreServices.framework/Versions/A/Frameworks/CarbonCore.framework/Versions/A/CarbonCore
0x0000000009ad0000 	/System/Library/Frameworks/CoreServices.framework/Versions/A/Frameworks/Metadata.framework/Versions/A/Metadata
0x0000000009ad0000 	/System/Library/Frameworks/CoreServices.framework/Versions/A/Frameworks/OSServices.framework/Versions/A/OSServices
0x0000000009ad0000 	/System/Library/Frameworks/CoreServices.framework/Versions/A/Frameworks/SearchKit.framework/Versions/A/SearchKit
0x0000000009ad0000 	/System/Library/Frameworks/CoreServices.framework/Versions/A/Frameworks/AE.framework/Versions/A/AE
0x0000000009ad0000 	/System/Library/Frameworks/CoreServices.framework/Versions/A/Frameworks/LaunchServices.framework/Versions/A/LaunchServices
0x0000000009ad0000 	/System/Library/Frameworks/CoreServices.framework/Versions/A/Frameworks/DictionaryServices.framework/Versions/A/DictionaryServices
0x0000000009ad0000 	/System/Library/Frameworks/NetFS.framework/Versions/A/NetFS
0x0000000009ad0000 	/usr/lib/system/libkxld.dylib
0x0000000009ad0000 	/System/Library/PrivateFrameworks/NetAuth.framework/Versions/A/NetAuth
0x0000000009ad0000 	/usr/lib/libcrypto.0.9.8.dylib
0x0000000009ad0000 	/System/Library/PrivateFrameworks/TrustEvaluationAgent.framework/Versions/A/TrustEvaluationAgent
0x0000000009ad0000 	/System/Library/Frameworks/OpenDirectory.framework/Versions/A/Frameworks/CFOpenDirectory.framework/Versions/A/CFOpenDirectory
0x0000000009ad0000 	/usr/lib/libxslt.1.dylib
0x0000000009ad0000 	/System/Library/PrivateFrameworks/FamilyControls.framework/Versions/A/FamilyControls
0x0000000009ad0000 	/System/Library/Frameworks/Carbon.framework/Versions/A/Frameworks/Ink.framework/Versions/A/Ink
0x0000000009ad0000 	/System/Library/Frameworks/ApplicationServices.framework/Versions/A/Frameworks/CoreGraphics.framework/Versions/A/CoreGraphics
0x0000000009ad0000 	/System/Library/Frameworks/ApplicationServices.framework/Versions/A/Frameworks/ImageIO.framework/Versions/A/ImageIO
0x0000000009ad0000 	/System/Library/Frameworks/ApplicationServices.framework/Versions/A/Frameworks/CoreText.framework/Versions/A/CoreText
0x0000000009ad0000 	/System/Library/Frameworks/ApplicationServices.framework/Versions/A/Frameworks/ATS.framework/Versions/A/ATS
0x0000000009ad0000 	/System/Library/Frameworks/ApplicationServices.framework/Versions/A/Frameworks/ColorSync.framework/Versions/A/ColorSync
0x0000000009ad0000 	/System/Library/Frameworks/ApplicationServices.framework/Versions/A/Frameworks/HIServices.framework/Versions/A/HIServices
0x0000000009ad0000 	/System/Library/Frameworks/ApplicationServices.framework/Versions/A/Frameworks/LangAnalysis.framework/Versions/A/LangAnalysis
0x0000000009ad0000 	/System/Library/Frameworks/ApplicationServices.framework/Versions/A/Frameworks/PrintCore.framework/Versions/A/PrintCore
0x0000000009ad0000 	/System/Library/Frameworks/ApplicationServices.framework/Versions/A/Frameworks/QD.framework/Versions/A/QD
0x0000000009ad0000 	/System/Library/Frameworks/ApplicationServices.framework/Versions/A/Frameworks/SpeechSynthesis.framework/Versions/A/SpeechSynthesis
0x0000000009ad0000 	/System/Library/Frameworks/IOSurface.framework/Versions/A/IOSurface
0x0000000009ad0000 	/System/Library/Frameworks/Accelerate.framework/Versions/A/Accelerate
0x0000000009ad0000 	/System/Library/Frameworks/ApplicationServices.framework/Versions/A/Frameworks/ImageIO.framework/Versions/A/Resources/libJPEG.dylib
0x0000000009ad0000 	/System/Library/Frameworks/ApplicationServices.framework/Versions/A/Frameworks/ImageIO.framework/Versions/A/Resources/libTIFF.dylib
0x0000000009ad0000 	/System/Library/Frameworks/ApplicationServices.framework/Versions/A/Frameworks/ImageIO.framework/Versions/A/Resources/libPng.dylib
0x0000000009ad0000 	/System/Library/Frameworks/ApplicationServices.framework/Versions/A/Frameworks/ImageIO.framework/Versions/A/Resources/libGIF.dylib
0x0000000009ad0000 	/System/Library/Frameworks/ApplicationServices.framework/Versions/A/Frameworks/ImageIO.framework/Versions/A/Resources/libJP2.dylib
0x0000000009ad0000 	/System/Library/Frameworks/ApplicationServices.framework/Versions/A/Frameworks/ImageIO.framework/Versions/A/Resources/libRadiance.dylib
0x0000000009ad0000 	/System/Library/Frameworks/Accelerate.framework/Versions/A/Frameworks/vImage.framework/Versions/A/vImage
0x0000000009ad0000 	/System/Library/Frameworks/Accelerate.framework/Versions/A/Frameworks/vecLib.framework/Versions/A/vecLib
0x0000000009ad0000 	/System/Library/Frameworks/Accelerate.framework/Versions/A/Frameworks/vecLib.framework/Versions/A/libvDSP.dylib
0x0000000009ad0000 	/System/Library/Frameworks/Accelerate.framework/Versions/A/Frameworks/vecLib.framework/Versions/A/libvMisc.dylib
0x0000000009ad0000 	/System/Library/Frameworks/Accelerate.framework/Versions/A/Frameworks/vecLib.framework/Versions/A/libLAPACK.dylib
0x0000000009ad0000 	/System/Library/Frameworks/Accelerate.framework/Versions/A/Frameworks/vecLib.framework/Versions/A/libBLAS.dylib
0x0000000009ad0000 	/System/Library/Frameworks/ApplicationServices.framework/Versions/A/Frameworks/ATS.framework/Versions/A/Resources/libFontParser.dylib
0x0000000009ad0000 	/System/Library/Frameworks/ApplicationServices.framework/Versions/A/Frameworks/ATS.framework/Versions/A/Resources/libFontRegistry.dylib
0x0000000009ad0000 	/usr/lib/libcups.2.dylib
0x0000000009ad0000 	/System/Library/Frameworks/Kerberos.framework/Versions/A/Kerberos
0x0000000009ad0000 	/System/Library/Frameworks/GSS.framework/Versions/A/GSS
0x0000000009ad0000 	/usr/lib/libresolv.9.dylib
0x0000000009ad0000 	/usr/lib/libiconv.2.dylib
0x0000000009ad0000 	/System/Library/PrivateFrameworks/Heimdal.framework/Versions/A/Heimdal
0x0000000009ad0000 	/System/Library/Frameworks/OpenDirectory.framework/Versions/A/OpenDirectory
0x0000000009ad0000 	/System/Library/PrivateFrameworks/CommonAuth.framework/Versions/A/CommonAuth
0x0000000009ad0000 	/System/Library/Frameworks/CoreVideo.framework/Versions/A/CoreVideo
0x0000000009ad0000 	/System/Library/Frameworks/QuartzCore.framework/Versions/A/Frameworks/CoreImage.framework/Versions/A/CoreImage
0x0000000009ad0000 	/System/Library/Frameworks/QuartzCore.framework/Versions/A/Frameworks/ScalableUserInterface.framework/Versions/A/ScalableUserInterface
0x0000000009ad0000 	/System/Library/Frameworks/OpenGL.framework/Versions/A/Libraries/libGLU.dylib
0x0000000009ad0000 	/System/Library/Frameworks/OpenGL.framework/Versions/A/Libraries/libGFXShared.dylib
0x0000000009ad0000 	/System/Library/Frameworks/OpenGL.framework/Versions/A/Libraries/libGL.dylib
0x0000000009ad0000 	/System/Library/Frameworks/OpenGL.framework/Versions/A/Libraries/libGLImage.dylib
0x0000000009ad0000 	/System/Library/Frameworks/OpenGL.framework/Versions/A/Libraries/libCVMSPluginSupport.dylib
0x0000000009ad0000 	/System/Library/Frameworks/OpenGL.framework/Versions/A/Libraries/libCoreVMClient.dylib
0x0000000009ad0000 	/System/Library/Frameworks/OpenCL.framework/Versions/A/OpenCL
0x0000000009ad0000 	/System/Library/PrivateFrameworks/FaceCoreLight.framework/Versions/A/FaceCoreLight
0x0000000009ad0000 	/System/Library/Frameworks/vecLib.framework/Versions/A/vecLib
0x0000000009ad0000 	/System/Library/Frameworks/SecurityFoundation.framework/Versions/A/SecurityFoundation
0x0000000009ad0000 	/System/Library/PrivateFrameworks/CommerceKit.framework/Versions/A/Frameworks/CommerceCore.framework/Versions/A/CommerceCore
0x0000000009ad0000 	/System/Library/PrivateFrameworks/CoreSymbolication.framework/Versions/A/CoreSymbolication
0x0000000009ad0000 	/System/Library/PrivateFrameworks/Symbolication.framework/Versions/A/Symbolication
0x0000000009ad0000 	/System/Library/PrivateFrameworks/DebugSymbols.framework/Versions/A/DebugSymbols
0x0000000107c00000 	/Library/Java/JavaVirtualMachines/jdk1.7.0_51.jdk/Contents/Home/jre/lib/server/libjvm.dylib
0x0000000107ab7000 	/Library/Java/JavaVirtualMachines/jdk1.7.0_51.jdk/Contents/Home/jre/lib/libverify.dylib
0x0000000107ac4000 	/Library/Java/JavaVirtualMachines/jdk1.7.0_51.jdk/Contents/Home/jre/lib/libjava.dylib
0x0000000108756000 	/Library/Java/JavaVirtualMachines/jdk1.7.0_51.jdk/Contents/Home/jre/lib/libzip.dylib
0x000000011508b000 	/System/Library/Frameworks/JavaVM.framework/Frameworks/JavaRuntimeSupport.framework/JavaRuntimeSupport
0x00000001150a3000 	/System/Library/Frameworks/JavaVM.framework/Versions/A/Frameworks/JavaNativeFoundation.framework/Versions/A/JavaNativeFoundation
0x00000001150b8000 	/System/Library/Frameworks/JavaVM.framework/Versions/A/JavaVM
0x0000000009ad0000 	/System/Library/Frameworks/Carbon.framework/Versions/A/Carbon
0x00000001150c5000 	/System/Library/PrivateFrameworks/JavaLaunching.framework/Versions/A/JavaLaunching
0x0000000009ad0000 	/System/Library/Frameworks/Carbon.framework/Versions/A/Frameworks/CommonPanels.framework/Versions/A/CommonPanels
0x0000000009ad0000 	/System/Library/Frameworks/Carbon.framework/Versions/A/Frameworks/Help.framework/Versions/A/Help
0x0000000009ad0000 	/System/Library/Frameworks/Carbon.framework/Versions/A/Frameworks/ImageCapture.framework/Versions/A/ImageCapture
0x0000000009ad0000 	/System/Library/Frameworks/Carbon.framework/Versions/A/Frameworks/OpenScripting.framework/Versions/A/OpenScripting
0x0000000009ad0000 	/System/Library/Frameworks/Carbon.framework/Versions/A/Frameworks/Print.framework/Versions/A/Print
0x0000000009ad0000 	/System/Library/Frameworks/Carbon.framework/Versions/A/Frameworks/SecurityHI.framework/Versions/A/SecurityHI
0x00000001159e7000 	/Library/Java/JavaVirtualMachines/jdk1.7.0_51.jdk/Contents/Home/jre/lib/libnio.dylib
0x00000001159f6000 	/Library/Java/JavaVirtualMachines/jdk1.7.0_51.jdk/Contents/Home/jre/lib/./libnet.dylib
0x0000000115b00000 	/Library/Java/JavaVirtualMachines/jdk1.7.0_51.jdk/Contents/Home/jre/lib/libsunec.dylib

VM Arguments:
jvm_args: -Xbootclasspath/a:/Users/tangrammer/.lein/self-installs/leiningen-2.3.4-standalone.jar -XX:+TieredCompilation -XX:TieredStopAtLevel=1 -Dfile.encoding=UTF-8 -Dmaven.wagon.http.ssl.easy=false -Dleiningen.original.pwd=/Users/tangrammer/git/open-stack-wrapper -Dleiningen.script=/usr/local/bin/lein 
java_command: clojure.main -m leiningen.core.main clean
Launcher Type: SUN_STANDARD

Environment Variables:
CLASSPATH=:/Users/tangrammer/.lein/self-installs/leiningen-2.3.4-standalone.jar
PATH=/usr/bin:/bin:/usr/sbin:/sbin:/usr/local/bin:/usr/X11/bin
SHELL=/bin/bash
DISPLAY=/tmp/launch-iCZGgi/org.x:0

Signal Handlers:
SIGSEGV: [libjvm.dylib+0x525425], sa_mask[0]=0xfffefeff, sa_flags=0x00000043
SIGBUS: [libjvm.dylib+0x525425], sa_mask[0]=0xfffefeff, sa_flags=0x00000042
SIGFPE: [libjvm.dylib+0x41892a], sa_mask[0]=0xfffefeff, sa_flags=0x00000042
SIGPIPE: [libjvm.dylib+0x41892a], sa_mask[0]=0xfffefeff, sa_flags=0x00000042
SIGXFSZ: [libjvm.dylib+0x41892a], sa_mask[0]=0xfffefeff, sa_flags=0x00000042
SIGILL: [libjvm.dylib+0x41892a], sa_mask[0]=0xfffefeff, sa_flags=0x00000042
SIGUSR1: SIG_DFL, sa_mask[0]=0x63807efb, sa_flags=0x00000000
SIGUSR2: [libjvm.dylib+0x41841c], sa_mask[0]=0x00000000, sa_flags=0x00000042
SIGHUP: [libjvm.dylib+0x4166ab], sa_mask[0]=0xfffefeff, sa_flags=0x00000042
SIGINT: [libjvm.dylib+0x4166ab], sa_mask[0]=0xfffefeff, sa_flags=0x00000042
SIGTERM: [libjvm.dylib+0x4166ab], sa_mask[0]=0xfffefeff, sa_flags=0x00000042
SIGQUIT: [libjvm.dylib+0x4166ab], sa_mask[0]=0xfffefeff, sa_flags=0x00000042


---------------  S Y S T E M  ---------------

OS:Bsduname:Darwin 11.4.2 Darwin Kernel Version 11.4.2: Thu Aug 23 16:25:48 PDT 2012; root:xnu-1699.32.7~1/RELEASE_X86_64 x86_64
rlimit: STACK 8192k, CORE 0k, NPROC 709, NOFILE 10240, AS infinity
load average:1.99 1.52 1.42

CPU:total 4 (2 cores per cpu, 2 threads per core) family 6 model 42 stepping 7, cmov, cx8, fxsr, mmx, sse, sse2, sse3, ssse3, sse4.1, sse4.2, popcnt, avx, aes, ht, tsc, tscinvbit

Memory: 4k page, physical 8388608k(2097152k free)

/proc/meminfo:


vm_info: Java HotSpot(TM) 64-Bit Server VM (24.51-b03) for bsd-amd64 JRE (1.7.0_51-b13), built on Dec 18 2013 18:45:56 by "java_re" with gcc 4.2.1 (Based on Apple Inc. build 5658) (LLVM build 2336.11.00)

time: Thu Jan 30 19:10:33 2014
elapsed time: 0 seconds

