#
# A fatal error has been detected by the Java Runtime Environment:
#
#  SIGSEGV (0xb) at pc=0x0000000102789e70, pid=1435, tid=2059
#
# JRE version: Java(TM) SE Runtime Environment (7.0_51-b13) (build 1.7.0_51-b13)
# Java VM: Java HotSpot(TM) 64-Bit Server VM (24.51-b03 mixed mode bsd-amd64 compressed oops)
# Problematic frame:
# v  ~BufferBlob::vtable chunks
#
# Failed to write core dump. Core dumps have been disabled. To enable core dumping, try "ulimit -c unlimited" before starting Java again
#
# If you would like to submit a bug report, please visit:
#   http://bugreport.sun.com/bugreport/crash.jsp
#

---------------  T H R E A D  ---------------

Current thread (0x00007f843c040000):  JavaThread "main" [_thread_in_Java, id=2059, stack(0x0000000102554000,0x0000000102654000)]

siginfo:si_signo=SIGSEGV: si_errno=0, si_code=1 (SEGV_MAPERR), si_addr=0x0000000003a00288

Registers:
RAX=0x000000077b084f28, RBX=0x000000077b0a5210, RCX=0x000000077b0a5210, RDX=0x00000007d7603740
RSP=0x000000010264db78, RBP=0x000000010264dc68, RSI=0x00000007d77b0468, RDI=0x00000007d779f438
R8 =0x00000007d58fd208, R9 =0x0000000000000000, R10=0x0000000003a00100, R11=0x00000001027cf0e0
R12=0x0000000000000000, R13=0x000000010264dc18, R14=0x000000010264dca0, R15=0x00007f843c040000
RIP=0x0000000102789e70, EFLAGS=0x0000000000010206, ERR=0x0000000000000004
  TRAPNO=0x000000000000000e

Top of Stack: (sp=0x000000010264db78)
0x000000010264db78:   00000001027cf2d4 00007f843c040000
0x000000010264db88:   00007f843c040000 00000007d774ff78
0x000000010264db98:   000000077b3c47ad 000000010264dc68
0x000000010264dba8:   00000001027d061c 000000010264dc68
0x000000010264dbb8:   00000001027cd3c4 000000010264dc10
0x000000010264dbc8:   0000000101dd1818 000000077b3c7740
0x000000010264dbd8:   00000007d779f438 0000000000000009
0x000000010264dbe8:   00000007d779f438 000000010264dc68
0x000000010264dbf8:   000000010268c8e1 000000010264dc68
0x000000010264dc08:   000000010268c8e1 000000010268c8e1
0x000000010264dc18:   00000007d779f438 00000007d58d3448
0x000000010264dc28:   000000010264dc28 000000077b3c4721
0x000000010264dc38:   000000010264dca0 000000077b3c4cf8
0x000000010264dc48:   0000000000000000 000000077b3c4818
0x000000010264dc58:   000000010264dc18 000000010264dc88
0x000000010264dc68:   000000010264dce8 000000010268c8e1
0x000000010264dc78:   00000007d58fd230 00000007d58fd1e0
0x000000010264dc88:   0000000000000000 00000007d58d3448
0x000000010264dc98:   00000007d774ff78 00000007d76f4088
0x000000010264dca8:   000000010264dca8 000000077b3ca262
0x000000010264dcb8:   000000010264dd08 000000077b3ca778
0x000000010264dcc8:   0000000000000000 000000077b3ca298
0x000000010264dcd8:   000000010264dc88 000000010264dd00
0x000000010264dce8:   000000010264dd50 000000010268c8e1
0x000000010264dcf8:   0000000000000000 0000000000000000
0x000000010264dd08:   00000007d774b650 000000010264dd10
0x000000010264dd18:   000000077b3cd3f7 000000010264ddf8
0x000000010264dd28:   000000077b3ce158 0000000000000000
0x000000010264dd38:   000000077b3cd9f8 000000010264dd00
0x000000010264dd48:   000000010264de00 000000010264df08
0x000000010264dd58:   00000001028bcf34 0000000000000000
0x000000010264dd68:   0000000000000000 0000000000000000 

Instructions: (pc=0x0000000102789e70)
0x0000000102789e50:   00 00 00 00 00 00 00 00 00 00 00 00 00 00 00 00
0x0000000102789e60:   00 00 3f 00 00 00 00 00 44 8b 56 08 49 c1 e2 03
0x0000000102789e70:   45 8b 9a 88 01 00 00 4f 8d 9c da f0 01 00 00 4d
0x0000000102789e80:   8d 12 49 8b 1b 48 3b c3 74 15 48 85 db 0f 84 17 

Register to memory mapping:

RAX=0x000000077b084f28 is an oop
{instance class} 
 - klass: {other class}
RBX=0x000000077b0a5210 is an oop
{instance class} 
 - klass: {other class}
RCX=0x000000077b0a5210 is an oop
{instance class} 
 - klass: {other class}
RDX=0x00000007d7603740 is an oop
clojure.lang.Keyword 
 - klass: 'clojure/lang/Keyword'
RSP=0x000000010264db78 is pointing into the stack for thread: 0x00007f843c040000
RBP=0x000000010264dc68 is pointing into the stack for thread: 0x00007f843c040000
RSI=0x00000007d77b0468 is an unknown value
RDI=0x00000007d779f438 is an oop
clojure.lang.Var 
 - klass: 'clojure/lang/Var'
R8 =0x00000007d58fd208 is an oop
clojure.lang.PersistentHashMap$NodeSeq 
 - klass: 'clojure/lang/PersistentHashMap$NodeSeq'
R9 =0x0000000000000000 is an unknown value
R10=0x0000000003a00100 is an unknown value
R11=0x00000001027cf0e0 is at entry_point+32 in (nmethod*)0x00000001027cef10
R12=0x0000000000000000 is an unknown value
R13=0x000000010264dc18 is pointing into the stack for thread: 0x00007f843c040000
R14=0x000000010264dca0 is pointing into the stack for thread: 0x00007f843c040000
R15=0x00007f843c040000 is a thread


Stack: [0x0000000102554000,0x0000000102654000],  sp=0x000000010264db78,  free space=998k
Native frames: (J=compiled Java code, j=interpreted, Vv=VM code, C=native code)
v  ~BufferBlob::vtable chunks
j  clojure.core$ns_publics.invoke(Ljava/lang/Object;)Ljava/lang/Object;+58
j  clojure.core$refer.doInvoke(Ljava/lang/Object;Ljava/lang/Object;)Ljava/lang/Object;+103
J  clojure.lang.RestFn.invoke(Ljava/lang/Object;)Ljava/lang/Object;
j  dynapath.util$eval214.invoke()Ljava/lang/Object;+10
j  clojure.lang.Compiler.eval(Ljava/lang/Object;Z)Ljava/lang/Object;+330
j  clojure.lang.Compiler.eval(Ljava/lang/Object;Z)Ljava/lang/Object;+200
j  clojure.lang.Compiler.load(Ljava/io/Reader;Ljava/lang/String;Ljava/lang/String;)Ljava/lang/Object;+336
j  clojure.lang.RT.loadResourceScript(Ljava/lang/Class;Ljava/lang/String;Z)V+53
j  clojure.lang.RT.loadResourceScript(Ljava/lang/Class;Ljava/lang/String;)V+3
j  clojure.lang.RT.load(Ljava/lang/String;Z)V+246
j  clojure.lang.RT.load(Ljava/lang/String;)V+2
j  clojure.core$load$fn__5018.invoke()Ljava/lang/Object;+17
j  clojure.core$load.doInvoke(Ljava/lang/Object;)Ljava/lang/Object;+744
J  clojure.lang.RestFn.invoke(Ljava/lang/Object;)Ljava/lang/Object;
j  clojure.core$load_lib$fn__4967.invoke()Ljava/lang/Object;+19
j  clojure.core$load_lib.doInvoke(Ljava/lang/Object;Ljava/lang/Object;Ljava/lang/Object;)Ljava/lang/Object;+660
J  clojure.lang.RestFn.applyTo(Lclojure/lang/ISeq;)Ljava/lang/Object;
j  clojure.core$load_libs.doInvoke(Ljava/lang/Object;)Ljava/lang/Object;+1048
j  clojure.lang.RestFn.applyTo(Lclojure/lang/ISeq;)Ljava/lang/Object;+136
j  clojure.core$apply.invoke(Ljava/lang/Object;Ljava/lang/Object;Ljava/lang/Object;)Ljava/lang/Object;+29
j  clojure.core$require.doInvoke(Ljava/lang/Object;)Ljava/lang/Object;+21
j  clojure.lang.RestFn.invoke(Ljava/lang/Object;Ljava/lang/Object;Ljava/lang/Object;)Ljava/lang/Object;+74
j  cemerick.pomegranate$loading__4910__auto__.invoke()Ljava/lang/Object;+104
j  cemerick.pomegranate__init.load()V+27
j  cemerick.pomegranate__init.<clinit>()V+15
v  ~StubRoutines::call_stub
V  [libjvm.dylib+0x2d6bb0]
V  [libjvm.dylib+0x2d6980]
V  [libjvm.dylib+0x2ac187]
V  [libjvm.dylib+0x2ad676]
V  [libjvm.dylib+0x29fb21]
V  [libjvm.dylib+0x323630]
V  [libjvm.dylib+0x32bda4]
C  [libjava.dylib+0x1baf]  Java_java_lang_Class_forName0+0x131
J  java.lang.Class.forName0(Ljava/lang/String;ZLjava/lang/ClassLoader;)Ljava/lang/Class;
j  java.lang.Class.forName(Ljava/lang/String;ZLjava/lang/ClassLoader;)Ljava/lang/Class;+35
j  clojure.lang.RT.loadClassForName(Ljava/lang/String;)Ljava/lang/Class;+20
j  clojure.lang.RT.load(Ljava/lang/String;Z)V+179
j  clojure.lang.RT.load(Ljava/lang/String;)V+2
j  clojure.core$load$fn__5018.invoke()Ljava/lang/Object;+17
j  clojure.core$load.doInvoke(Ljava/lang/Object;)Ljava/lang/Object;+744
j  clojure.lang.RestFn.invoke(Ljava/lang/Object;)Ljava/lang/Object;+50
j  clojure.core$load_one.invoke(Ljava/lang/Object;Ljava/lang/Object;Ljava/lang/Object;)Ljava/lang/Object;+24
j  clojure.core$load_lib$fn__4967.invoke()Ljava/lang/Object;+19
j  clojure.core$load_lib.doInvoke(Ljava/lang/Object;Ljava/lang/Object;Ljava/lang/Object;)Ljava/lang/Object;+660
j  clojure.lang.RestFn.applyTo(Lclojure/lang/ISeq;)Ljava/lang/Object;+195
j  clojure.core$apply.invoke(Ljava/lang/Object;Ljava/lang/Object;Ljava/lang/Object;)Ljava/lang/Object;+29
j  clojure.core$load_libs.doInvoke(Ljava/lang/Object;)Ljava/lang/Object;+1048
j  clojure.lang.RestFn.applyTo(Lclojure/lang/ISeq;)Ljava/lang/Object;+136
j  clojure.core$apply.invoke(Ljava/lang/Object;Ljava/lang/Object;Ljava/lang/Object;)Ljava/lang/Object;+29
j  clojure.core$require.doInvoke(Ljava/lang/Object;)Ljava/lang/Object;+21
j  clojure.lang.RestFn.invoke(Ljava/lang/Object;Ljava/lang/Object;Ljava/lang/Object;Ljava/lang/Object;Ljava/lang/Object;Ljava/lang/Object;Ljava/lang/Object;Ljava/lang/Object;Ljava/lang/Object;Ljava/lang/Object;)Ljava/lang/Object;+191
j  leiningen.core.project$loading__4910__auto__.invoke()Ljava/lang/Object;+95
j  leiningen.core.project__init.load()V+27
j  leiningen.core.project__init.<clinit>()V+24
v  ~StubRoutines::call_stub
V  [libjvm.dylib+0x2d6bb0]
V  [libjvm.dylib+0x2d6980]
V  [libjvm.dylib+0x2ac187]
V  [libjvm.dylib+0x2ad676]
V  [libjvm.dylib+0x29fb21]
V  [libjvm.dylib+0x323630]
V  [libjvm.dylib+0x32bda4]
C  [libjava.dylib+0x1baf]  Java_java_lang_Class_forName0+0x131
J  java.lang.Class.forName0(Ljava/lang/String;ZLjava/lang/ClassLoader;)Ljava/lang/Class;
j  java.lang.Class.forName(Ljava/lang/String;ZLjava/lang/ClassLoader;)Ljava/lang/Class;+35
j  clojure.lang.RT.loadClassForName(Ljava/lang/String;)Ljava/lang/Class;+20
j  clojure.lang.RT.load(Ljava/lang/String;Z)V+179
j  clojure.lang.RT.load(Ljava/lang/String;)V+2
j  clojure.core$load$fn__5018.invoke()Ljava/lang/Object;+17
j  clojure.core$load.doInvoke(Ljava/lang/Object;)Ljava/lang/Object;+744
j  clojure.lang.RestFn.invoke(Ljava/lang/Object;)Ljava/lang/Object;+50
j  clojure.core$load_one.invoke(Ljava/lang/Object;Ljava/lang/Object;Ljava/lang/Object;)Ljava/lang/Object;+24
j  clojure.core$load_lib$fn__4967.invoke()Ljava/lang/Object;+19
j  clojure.core$load_lib.doInvoke(Ljava/lang/Object;Ljava/lang/Object;Ljava/lang/Object;)Ljava/lang/Object;+660
j  clojure.lang.RestFn.applyTo(Lclojure/lang/ISeq;)Ljava/lang/Object;+195
j  clojure.core$apply.invoke(Ljava/lang/Object;Ljava/lang/Object;Ljava/lang/Object;)Ljava/lang/Object;+29
j  clojure.core$load_libs.doInvoke(Ljava/lang/Object;)Ljava/lang/Object;+1048
j  clojure.lang.RestFn.applyTo(Lclojure/lang/ISeq;)Ljava/lang/Object;+136
j  clojure.core$apply.invoke(Ljava/lang/Object;Ljava/lang/Object;Ljava/lang/Object;)Ljava/lang/Object;+29
j  clojure.core$require.doInvoke(Ljava/lang/Object;)Ljava/lang/Object;+21
j  clojure.lang.RestFn.invoke(Ljava/lang/Object;Ljava/lang/Object;Ljava/lang/Object;Ljava/lang/Object;Ljava/lang/Object;Ljava/lang/Object;Ljava/lang/Object;)Ljava/lang/Object;+140
j  leiningen.core.main$loading__4910__auto__.invoke()Ljava/lang/Object;+80
j  leiningen.core.main__init.load()V+27
j  leiningen.core.main__init.<clinit>()V+18
v  ~StubRoutines::call_stub
V  [libjvm.dylib+0x2d6bb0]
V  [libjvm.dylib+0x2d6980]
V  [libjvm.dylib+0x2ac187]
V  [libjvm.dylib+0x2ad676]
V  [libjvm.dylib+0x29fb21]
V  [libjvm.dylib+0x323630]
V  [libjvm.dylib+0x32bda4]
C  [libjava.dylib+0x1baf]  Java_java_lang_Class_forName0+0x131
J  java.lang.Class.forName0(Ljava/lang/String;ZLjava/lang/ClassLoader;)Ljava/lang/Class;
j  java.lang.Class.forName(Ljava/lang/String;ZLjava/lang/ClassLoader;)Ljava/lang/Class;+35
j  clojure.lang.RT.loadClassForName(Ljava/lang/String;)Ljava/lang/Class;+20
j  clojure.lang.RT.load(Ljava/lang/String;Z)V+179
j  clojure.lang.RT.load(Ljava/lang/String;)V+2
...<more frames>...


---------------  P R O C E S S  ---------------

Java Threads: ( => current thread )
  0x00007f843c0ac800 JavaThread "Service Thread" daemon [_thread_blocked, id=22019, stack(0x000000010f5c6000,0x000000010f6c6000)]
  0x00007f843c0ac000 JavaThread "C1 CompilerThread2" daemon [_thread_blocked, id=21507, stack(0x000000010f4c3000,0x000000010f5c3000)]
  0x00007f843c08e800 JavaThread "C2 CompilerThread1" daemon [_thread_blocked, id=20995, stack(0x000000010f3c0000,0x000000010f4c0000)]
  0x00007f843c0aa800 JavaThread "C2 CompilerThread0" daemon [_thread_blocked, id=20483, stack(0x000000010f2bd000,0x000000010f3bd000)]
  0x00007f843c0a3800 JavaThread "Signal Dispatcher" daemon [_thread_blocked, id=19971, stack(0x000000010f1ba000,0x000000010f2ba000)]
  0x00007f843c08d800 JavaThread "Finalizer" daemon [_thread_blocked, id=15875, stack(0x000000010eeb0000,0x000000010efb0000)]
  0x00007f843c08b000 JavaThread "Reference Handler" daemon [_thread_blocked, id=15363, stack(0x000000010edad000,0x000000010eead000)]
=>0x00007f843c040000 JavaThread "main" [_thread_in_Java, id=2059, stack(0x0000000102554000,0x0000000102654000)]

Other Threads:
  0x00007f843c08a000 VMThread [stack: 0x000000010ecaa000,0x000000010edaa000] [id=14851]
  0x00007f843c0b5800 WatcherThread [stack: 0x000000010f6c9000,0x000000010f7c9000] [id=22531]

VM state:not at safepoint (normal execution)

VM Mutex/Monitor currently owned by a thread: None

Heap
 PSYoungGen      total 38912K, used 8750K [0x00000007d5500000, 0x00000007da100000, 0x0000000800000000)
  eden space 33792K, 13% used [0x00000007d5500000,0x00000007d59547a0,0x00000007d7600000)
  from space 5120K, 84% used [0x00000007d7600000,0x00000007d7a37348,0x00000007d7b00000)
  to   space 5120K, 0% used [0x00000007d9c00000,0x00000007d9c00000,0x00000007da100000)
 ParOldGen       total 87040K, used 24K [0x0000000780000000, 0x0000000785500000, 0x00000007d5500000)
  object space 87040K, 0% used [0x0000000780000000,0x0000000780006000,0x0000000785500000)
 PSPermGen       total 21504K, used 13524K [0x000000077ae00000, 0x000000077c300000, 0x0000000780000000)
  object space 21504K, 62% used [0x000000077ae00000,0x000000077bb35050,0x000000077c300000)

Card table byte_map: [0x0000000108806000,0x0000000108c30000] byte_map_base: 0x0000000104c2f000

Polling page: 0x00000001019ec000

Code Cache  [0x0000000102686000, 0x0000000102956000, 0x0000000108686000)
 total_blobs=1339 nmethods=1050 adapters=224 free_code_cache=95455Kb largest_free_block=97746368

Compilation events (10 events):
Event: 0.933 Thread 0x00007f843c0ac000 1045   !   1       java.util.zip.ZipFile::getEntry (86 bytes)
Event: 0.934 Thread 0x00007f843c0ac000 nmethod 1045 0x000000010294c950 code [0x000000010294cb00, 0x000000010294cfd8]
Event: 0.935 Thread 0x00007f843c0ac000 1047       1       sun.reflect.ReflectionFactory::copyField (10 bytes)
Event: 0.935 Thread 0x00007f843c0ac000 nmethod 1047 0x000000010294d290 code [0x000000010294d400, 0x000000010294d5c8]
Event: 0.935 Thread 0x00007f843c0ac000 1048       1       java.lang.reflect.ReflectAccess::copyField (5 bytes)
Event: 0.935 Thread 0x00007f843c0ac000 nmethod 1048 0x000000010294d6d0 code [0x000000010294d840, 0x000000010294d9a8]
Event: 0.935 Thread 0x00007f843c0ac000 1049       1       java.lang.reflect.Field::copy (59 bytes)
Event: 0.936 Thread 0x00007f843c0ac000 nmethod 1049 0x000000010294da50 code [0x000000010294dbc0, 0x000000010294de28]
Event: 0.936 Thread 0x00007f843c0ac000 1050       1       java.lang.reflect.Field::<init> (44 bytes)
Event: 0.936 Thread 0x00007f843c0ac000 nmethod 1050 0x000000010294ded0 code [0x000000010294e020, 0x000000010294e1f0]

GC Heap History (2 events):
Event: 0.885 GC heap before
{Heap before GC invocations=1 (full 0):
 PSYoungGen      total 38912K, used 33792K [0x00000007d5500000, 0x00000007d8000000, 0x0000000800000000)
  eden space 33792K, 100% used [0x00000007d5500000,0x00000007d7600000,0x00000007d7600000)
  from space 5120K, 0% used [0x00000007d7b00000,0x00000007d7b00000,0x00000007d8000000)
  to   space 5120K, 0% used [0x00000007d7600000,0x00000007d7600000,0x00000007d7b00000)
 ParOldGen       total 87040K, used 0K [0x0000000780000000, 0x0000000785500000, 0x00000007d5500000)
  object space 87040K, 0% used [0x0000000780000000,0x0000000780000000,0x0000000785500000)
 PSPermGen       total 21504K, used 13389K [0x000000077ae00000, 0x000000077c300000, 0x0000000780000000)
  object space 21504K, 62% used [0x000000077ae00000,0x000000077bb134d8,0x000000077c300000)
Event: 0.897 GC heap after
Heap after GC invocations=1 (full 0):
 PSYoungGen      total 38912K, used 4316K [0x00000007d5500000, 0x00000007da100000, 0x0000000800000000)
  eden space 33792K, 0% used [0x00000007d5500000,0x00000007d5500000,0x00000007d7600000)
  from space 5120K, 84% used [0x00000007d7600000,0x00000007d7a37348,0x00000007d7b00000)
  to   space 5120K, 0% used [0x00000007d9c00000,0x00000007d9c00000,0x00000007da100000)
 ParOldGen       total 87040K, used 24K [0x0000000780000000, 0x0000000785500000, 0x00000007d5500000)
  object space 87040K, 0% used [0x0000000780000000,0x0000000780006000,0x0000000785500000)
 PSPermGen       total 21504K, used 13389K [0x000000077ae00000, 0x000000077c300000, 0x0000000780000000)
  object space 21504K, 62% used [0x000000077ae00000,0x000000077bb134d8,0x000000077c300000)
}

Deoptimization events (0 events):
No events

Internal exceptions (10 events):
Event: 0.927 Thread 0x00007f843c040000 Threw 0x00000007d57fc778 at /HUDSON/workspace/7u-2-build-macosx-x86_64/jdk7u51/527/hotspot/src/share/vm/prims/jvm.cpp:1244
Event: 0.927 Thread 0x00007f843c040000 Threw 0x00000007d57fdd38 at /HUDSON/workspace/7u-2-build-macosx-x86_64/jdk7u51/527/hotspot/src/share/vm/prims/jvm.cpp:1244
Event: 0.927 Thread 0x00007f843c040000 Threw 0x00000007d57fedf8 at /HUDSON/workspace/7u-2-build-macosx-x86_64/jdk7u51/527/hotspot/src/share/vm/prims/jvm.cpp:1244
Event: 0.933 Thread 0x00007f843c040000 Threw 0x00000007d5885de0 at /HUDSON/workspace/7u-2-build-macosx-x86_64/jdk7u51/527/hotspot/src/share/vm/classfile/systemDictionary.cpp:185
Event: 0.935 Thread 0x00007f843c040000 Threw 0x00000007d58b1b30 at /HUDSON/workspace/7u-2-build-macosx-x86_64/jdk7u51/527/hotspot/src/share/vm/prims/jvm.cpp:1244
Event: 0.935 Thread 0x00007f843c040000 Threw 0x00000007d58b25f8 at /HUDSON/workspace/7u-2-build-macosx-x86_64/jdk7u51/527/hotspot/src/share/vm/prims/jvm.cpp:1244
Event: 0.935 Thread 0x00007f843c040000 Threw 0x00000007d58b30c0 at /HUDSON/workspace/7u-2-build-macosx-x86_64/jdk7u51/527/hotspot/src/share/vm/prims/jvm.cpp:1244
Event: 0.935 Thread 0x00007f843c040000 Threw 0x00000007d58b40a0 at /HUDSON/workspace/7u-2-build-macosx-x86_64/jdk7u51/527/hotspot/src/share/vm/prims/jvm.cpp:1244
Event: 0.935 Thread 0x00007f843c040000 Threw 0x00000007d58b4b68 at /HUDSON/workspace/7u-2-build-macosx-x86_64/jdk7u51/527/hotspot/src/share/vm/prims/jvm.cpp:1244
Event: 0.935 Thread 0x00007f843c040000 Threw 0x00000007d58b5630 at /HUDSON/workspace/7u-2-build-macosx-x86_64/jdk7u51/527/hotspot/src/share/vm/prims/jvm.cpp:1244

Events (10 events):
Event: 0.932 loading class 0x000000010da68cc0
Event: 0.932 loading class 0x000000010da68cc0 done
Event: 0.933 loading class 0x00007f843d803df0
Event: 0.933 loading class 0x00007f843d803df0 done
Event: 0.934 loading class 0x00007f843c0b1ac0
Event: 0.934 loading class 0x00007f843c0b1ac0 done
Event: 0.935 loading class 0x00007f843c2295e0
Event: 0.935 loading class 0x00007f843c2295e0 done
Event: 0.935 loading class 0x00007f843c2295e0
Event: 0.935 loading class 0x00007f843c2295e0 done


Dynamic libraries:
0x00000000085a9000 	/System/Library/Frameworks/Cocoa.framework/Versions/A/Cocoa
0x00000000085a9000 	/System/Library/Frameworks/Security.framework/Versions/A/Security
0x00000000085a9000 	/System/Library/Frameworks/ApplicationServices.framework/Versions/A/ApplicationServices
0x00000000085a9000 	/usr/lib/libz.1.dylib
0x00000000085a9000 	/usr/lib/libSystem.B.dylib
0x00000000085a9000 	/usr/lib/libobjc.A.dylib
0x00000000085a9000 	/System/Library/Frameworks/CoreFoundation.framework/Versions/A/CoreFoundation
0x00000000085a9000 	/System/Library/Frameworks/Foundation.framework/Versions/C/Foundation
0x00000000085a9000 	/System/Library/Frameworks/AppKit.framework/Versions/C/AppKit
0x00000000085a9000 	/System/Library/Frameworks/CoreData.framework/Versions/A/CoreData
0x00000000085a9000 	/System/Library/PrivateFrameworks/RemoteViewServices.framework/Versions/A/RemoteViewServices
0x00000000085a9000 	/System/Library/Frameworks/AudioToolbox.framework/Versions/A/AudioToolbox
0x00000000085a9000 	/System/Library/Frameworks/AudioUnit.framework/Versions/A/AudioUnit
0x00000000085a9000 	/System/Library/PrivateFrameworks/DataDetectorsCore.framework/Versions/A/DataDetectorsCore
0x00000000085a9000 	/System/Library/PrivateFrameworks/DesktopServicesPriv.framework/Versions/A/DesktopServicesPriv
0x00000000085a9000 	/System/Library/Frameworks/Carbon.framework/Versions/A/Frameworks/HIToolbox.framework/Versions/A/HIToolbox
0x00000000085a9000 	/System/Library/Frameworks/QuartzCore.framework/Versions/A/QuartzCore
0x00000000085a9000 	/System/Library/Frameworks/Carbon.framework/Versions/A/Frameworks/SpeechRecognition.framework/Versions/A/SpeechRecognition
0x00000000085a9000 	/usr/lib/libauto.dylib
0x00000000085a9000 	/usr/lib/libicucore.A.dylib
0x00000000085a9000 	/usr/lib/libxml2.2.dylib
0x00000000085a9000 	/System/Library/PrivateFrameworks/CoreUI.framework/Versions/A/CoreUI
0x00000000085a9000 	/System/Library/Frameworks/CoreAudio.framework/Versions/A/CoreAudio
0x00000000085a9000 	/System/Library/Frameworks/DiskArbitration.framework/Versions/A/DiskArbitration
0x00000000085a9000 	/usr/lib/liblangid.dylib
0x00000000085a9000 	/System/Library/PrivateFrameworks/MultitouchSupport.framework/Versions/A/MultitouchSupport
0x00000000085a9000 	/System/Library/Frameworks/IOKit.framework/Versions/A/IOKit
0x00000000085a9000 	/usr/lib/libDiagnosticMessagesClient.dylib
0x00000000085a9000 	/System/Library/Frameworks/CoreServices.framework/Versions/A/CoreServices
0x00000000085a9000 	/System/Library/PrivateFrameworks/PerformanceAnalysis.framework/Versions/A/PerformanceAnalysis
0x00000000085a9000 	/System/Library/PrivateFrameworks/GenerationalStorage.framework/Versions/A/GenerationalStorage
0x00000000085a9000 	/System/Library/Frameworks/OpenGL.framework/Versions/A/OpenGL
0x00000000085a9000 	/System/Library/Frameworks/CoreServices.framework/Versions/A/Frameworks/CFNetwork.framework/Versions/A/CFNetwork
0x00000000085a9000 	/System/Library/Frameworks/SystemConfiguration.framework/Versions/A/SystemConfiguration
0x00000000085a9000 	/usr/lib/libCRFSuite.dylib
0x00000000085a9000 	/usr/lib/libc++.1.dylib
0x00000000085a9000 	/usr/lib/libstdc++.6.dylib
0x00000000085a9000 	/usr/lib/libc++abi.dylib
0x00000000085a9000 	/usr/lib/system/libcache.dylib
0x00000000085a9000 	/usr/lib/system/libcommonCrypto.dylib
0x00000000085a9000 	/usr/lib/system/libcompiler_rt.dylib
0x00000000085a9000 	/usr/lib/system/libcopyfile.dylib
0x00000000085a9000 	/usr/lib/system/libdispatch.dylib
0x00000000085a9000 	/usr/lib/system/libdnsinfo.dylib
0x00000000085a9000 	/usr/lib/system/libdyld.dylib
0x00000000085a9000 	/usr/lib/system/libkeymgr.dylib
0x00000000085a9000 	/usr/lib/system/liblaunch.dylib
0x00000000085a9000 	/usr/lib/system/libmacho.dylib
0x00000000085a9000 	/usr/lib/system/libmathCommon.A.dylib
0x00000000085a9000 	/usr/lib/system/libquarantine.dylib
0x00000000085a9000 	/usr/lib/system/libremovefile.dylib
0x00000000085a9000 	/usr/lib/system/libsystem_blocks.dylib
0x00000000085a9000 	/usr/lib/system/libsystem_c.dylib
0x00000000085a9000 	/usr/lib/system/libsystem_dnssd.dylib
0x00000000085a9000 	/usr/lib/system/libsystem_info.dylib
0x00000000085a9000 	/usr/lib/system/libsystem_kernel.dylib
0x00000000085a9000 	/usr/lib/system/libsystem_network.dylib
0x00000000085a9000 	/usr/lib/system/libsystem_notify.dylib
0x00000000085a9000 	/usr/lib/system/libsystem_sandbox.dylib
0x00000000085a9000 	/usr/lib/system/libunc.dylib
0x00000000085a9000 	/usr/lib/system/libunwind.dylib
0x00000000085a9000 	/usr/lib/system/libxpc.dylib
0x00000000085a9000 	/usr/lib/libbsm.0.dylib
0x00000000085a9000 	/usr/lib/libsqlite3.dylib
0x00000000085a9000 	/usr/lib/libOpenScriptingUtil.dylib
0x00000000085a9000 	/usr/lib/libpam.2.dylib
0x00000000085a9000 	/usr/lib/libxar-nossl.dylib
0x00000000085a9000 	/usr/lib/libbz2.1.0.dylib
0x00000000085a9000 	/System/Library/Frameworks/CoreServices.framework/Versions/A/Frameworks/CarbonCore.framework/Versions/A/CarbonCore
0x00000000085a9000 	/System/Library/Frameworks/CoreServices.framework/Versions/A/Frameworks/Metadata.framework/Versions/A/Metadata
0x00000000085a9000 	/System/Library/Frameworks/CoreServices.framework/Versions/A/Frameworks/OSServices.framework/Versions/A/OSServices
0x00000000085a9000 	/System/Library/Frameworks/CoreServices.framework/Versions/A/Frameworks/SearchKit.framework/Versions/A/SearchKit
0x00000000085a9000 	/System/Library/Frameworks/CoreServices.framework/Versions/A/Frameworks/AE.framework/Versions/A/AE
0x00000000085a9000 	/System/Library/Frameworks/CoreServices.framework/Versions/A/Frameworks/LaunchServices.framework/Versions/A/LaunchServices
0x00000000085a9000 	/System/Library/Frameworks/CoreServices.framework/Versions/A/Frameworks/DictionaryServices.framework/Versions/A/DictionaryServices
0x00000000085a9000 	/System/Library/Frameworks/NetFS.framework/Versions/A/NetFS
0x00000000085a9000 	/usr/lib/system/libkxld.dylib
0x00000000085a9000 	/System/Library/PrivateFrameworks/NetAuth.framework/Versions/A/NetAuth
0x00000000085a9000 	/usr/lib/libcrypto.0.9.8.dylib
0x00000000085a9000 	/System/Library/PrivateFrameworks/TrustEvaluationAgent.framework/Versions/A/TrustEvaluationAgent
0x00000000085a9000 	/System/Library/Frameworks/OpenDirectory.framework/Versions/A/Frameworks/CFOpenDirectory.framework/Versions/A/CFOpenDirectory
0x00000000085a9000 	/usr/lib/libxslt.1.dylib
0x00000000085a9000 	/System/Library/PrivateFrameworks/FamilyControls.framework/Versions/A/FamilyControls
0x00000000085a9000 	/System/Library/Frameworks/Carbon.framework/Versions/A/Frameworks/Ink.framework/Versions/A/Ink
0x00000000085a9000 	/System/Library/Frameworks/ApplicationServices.framework/Versions/A/Frameworks/CoreGraphics.framework/Versions/A/CoreGraphics
0x00000000085a9000 	/System/Library/Frameworks/ApplicationServices.framework/Versions/A/Frameworks/ImageIO.framework/Versions/A/ImageIO
0x00000000085a9000 	/System/Library/Frameworks/ApplicationServices.framework/Versions/A/Frameworks/CoreText.framework/Versions/A/CoreText
0x00000000085a9000 	/System/Library/Frameworks/ApplicationServices.framework/Versions/A/Frameworks/ATS.framework/Versions/A/ATS
0x00000000085a9000 	/System/Library/Frameworks/ApplicationServices.framework/Versions/A/Frameworks/ColorSync.framework/Versions/A/ColorSync
0x00000000085a9000 	/System/Library/Frameworks/ApplicationServices.framework/Versions/A/Frameworks/HIServices.framework/Versions/A/HIServices
0x00000000085a9000 	/System/Library/Frameworks/ApplicationServices.framework/Versions/A/Frameworks/LangAnalysis.framework/Versions/A/LangAnalysis
0x00000000085a9000 	/System/Library/Frameworks/ApplicationServices.framework/Versions/A/Frameworks/PrintCore.framework/Versions/A/PrintCore
0x00000000085a9000 	/System/Library/Frameworks/ApplicationServices.framework/Versions/A/Frameworks/QD.framework/Versions/A/QD
0x00000000085a9000 	/System/Library/Frameworks/ApplicationServices.framework/Versions/A/Frameworks/SpeechSynthesis.framework/Versions/A/SpeechSynthesis
0x00000000085a9000 	/System/Library/Frameworks/IOSurface.framework/Versions/A/IOSurface
0x00000000085a9000 	/System/Library/Frameworks/Accelerate.framework/Versions/A/Accelerate
0x00000000085a9000 	/System/Library/Frameworks/ApplicationServices.framework/Versions/A/Frameworks/ImageIO.framework/Versions/A/Resources/libJPEG.dylib
0x00000000085a9000 	/System/Library/Frameworks/ApplicationServices.framework/Versions/A/Frameworks/ImageIO.framework/Versions/A/Resources/libTIFF.dylib
0x00000000085a9000 	/System/Library/Frameworks/ApplicationServices.framework/Versions/A/Frameworks/ImageIO.framework/Versions/A/Resources/libPng.dylib
0x00000000085a9000 	/System/Library/Frameworks/ApplicationServices.framework/Versions/A/Frameworks/ImageIO.framework/Versions/A/Resources/libGIF.dylib
0x00000000085a9000 	/System/Library/Frameworks/ApplicationServices.framework/Versions/A/Frameworks/ImageIO.framework/Versions/A/Resources/libJP2.dylib
0x00000000085a9000 	/System/Library/Frameworks/ApplicationServices.framework/Versions/A/Frameworks/ImageIO.framework/Versions/A/Resources/libRadiance.dylib
0x00000000085a9000 	/System/Library/Frameworks/Accelerate.framework/Versions/A/Frameworks/vImage.framework/Versions/A/vImage
0x00000000085a9000 	/System/Library/Frameworks/Accelerate.framework/Versions/A/Frameworks/vecLib.framework/Versions/A/vecLib
0x00000000085a9000 	/System/Library/Frameworks/Accelerate.framework/Versions/A/Frameworks/vecLib.framework/Versions/A/libvDSP.dylib
0x00000000085a9000 	/System/Library/Frameworks/Accelerate.framework/Versions/A/Frameworks/vecLib.framework/Versions/A/libvMisc.dylib
0x00000000085a9000 	/System/Library/Frameworks/Accelerate.framework/Versions/A/Frameworks/vecLib.framework/Versions/A/libLAPACK.dylib
0x00000000085a9000 	/System/Library/Frameworks/Accelerate.framework/Versions/A/Frameworks/vecLib.framework/Versions/A/libBLAS.dylib
0x00000000085a9000 	/System/Library/Frameworks/ApplicationServices.framework/Versions/A/Frameworks/ATS.framework/Versions/A/Resources/libFontParser.dylib
0x00000000085a9000 	/System/Library/Frameworks/ApplicationServices.framework/Versions/A/Frameworks/ATS.framework/Versions/A/Resources/libFontRegistry.dylib
0x00000000085a9000 	/usr/lib/libcups.2.dylib
0x00000000085a9000 	/System/Library/Frameworks/Kerberos.framework/Versions/A/Kerberos
0x00000000085a9000 	/System/Library/Frameworks/GSS.framework/Versions/A/GSS
0x00000000085a9000 	/usr/lib/libresolv.9.dylib
0x00000000085a9000 	/usr/lib/libiconv.2.dylib
0x00000000085a9000 	/System/Library/PrivateFrameworks/Heimdal.framework/Versions/A/Heimdal
0x00000000085a9000 	/System/Library/Frameworks/OpenDirectory.framework/Versions/A/OpenDirectory
0x00000000085a9000 	/System/Library/PrivateFrameworks/CommonAuth.framework/Versions/A/CommonAuth
0x00000000085a9000 	/System/Library/Frameworks/CoreVideo.framework/Versions/A/CoreVideo
0x00000000085a9000 	/System/Library/Frameworks/QuartzCore.framework/Versions/A/Frameworks/CoreImage.framework/Versions/A/CoreImage
0x00000000085a9000 	/System/Library/Frameworks/QuartzCore.framework/Versions/A/Frameworks/ScalableUserInterface.framework/Versions/A/ScalableUserInterface
0x00000000085a9000 	/System/Library/Frameworks/OpenGL.framework/Versions/A/Libraries/libGLU.dylib
0x00000000085a9000 	/System/Library/Frameworks/OpenGL.framework/Versions/A/Libraries/libGFXShared.dylib
0x00000000085a9000 	/System/Library/Frameworks/OpenGL.framework/Versions/A/Libraries/libGL.dylib
0x00000000085a9000 	/System/Library/Frameworks/OpenGL.framework/Versions/A/Libraries/libGLImage.dylib
0x00000000085a9000 	/System/Library/Frameworks/OpenGL.framework/Versions/A/Libraries/libCVMSPluginSupport.dylib
0x00000000085a9000 	/System/Library/Frameworks/OpenGL.framework/Versions/A/Libraries/libCoreVMClient.dylib
0x00000000085a9000 	/System/Library/Frameworks/OpenCL.framework/Versions/A/OpenCL
0x00000000085a9000 	/System/Library/PrivateFrameworks/FaceCoreLight.framework/Versions/A/FaceCoreLight
0x00000000085a9000 	/System/Library/Frameworks/vecLib.framework/Versions/A/vecLib
0x00000000085a9000 	/System/Library/Frameworks/SecurityFoundation.framework/Versions/A/SecurityFoundation
0x00000000085a9000 	/System/Library/PrivateFrameworks/CommerceKit.framework/Versions/A/Frameworks/CommerceCore.framework/Versions/A/CommerceCore
0x00000000085a9000 	/System/Library/PrivateFrameworks/CoreSymbolication.framework/Versions/A/CoreSymbolication
0x00000000085a9000 	/System/Library/PrivateFrameworks/Symbolication.framework/Versions/A/Symbolication
0x00000000085a9000 	/System/Library/PrivateFrameworks/DebugSymbols.framework/Versions/A/DebugSymbols
0x0000000101b00000 	/Library/Java/JavaVirtualMachines/jdk1.7.0_51.jdk/Contents/Home/jre/lib/server/libjvm.dylib
0x00000001019df000 	/Library/Java/JavaVirtualMachines/jdk1.7.0_51.jdk/Contents/Home/jre/lib/libverify.dylib
0x0000000102656000 	/Library/Java/JavaVirtualMachines/jdk1.7.0_51.jdk/Contents/Home/jre/lib/libjava.dylib
0x00000001019f6000 	/Library/Java/JavaVirtualMachines/jdk1.7.0_51.jdk/Contents/Home/jre/lib/libzip.dylib
0x000000010efb2000 	/System/Library/Frameworks/JavaVM.framework/Frameworks/JavaRuntimeSupport.framework/JavaRuntimeSupport
0x000000010efca000 	/System/Library/Frameworks/JavaVM.framework/Versions/A/Frameworks/JavaNativeFoundation.framework/Versions/A/JavaNativeFoundation
0x000000010efdf000 	/System/Library/Frameworks/JavaVM.framework/Versions/A/JavaVM
0x00000000085a9000 	/System/Library/Frameworks/Carbon.framework/Versions/A/Carbon
0x000000010efec000 	/System/Library/PrivateFrameworks/JavaLaunching.framework/Versions/A/JavaLaunching
0x00000000085a9000 	/System/Library/Frameworks/Carbon.framework/Versions/A/Frameworks/CommonPanels.framework/Versions/A/CommonPanels
0x00000000085a9000 	/System/Library/Frameworks/Carbon.framework/Versions/A/Frameworks/Help.framework/Versions/A/Help
0x00000000085a9000 	/System/Library/Frameworks/Carbon.framework/Versions/A/Frameworks/ImageCapture.framework/Versions/A/ImageCapture
0x00000000085a9000 	/System/Library/Frameworks/Carbon.framework/Versions/A/Frameworks/OpenScripting.framework/Versions/A/OpenScripting
0x00000000085a9000 	/System/Library/Frameworks/Carbon.framework/Versions/A/Frameworks/Print.framework/Versions/A/Print
0x00000000085a9000 	/System/Library/Frameworks/Carbon.framework/Versions/A/Frameworks/SecurityHI.framework/Versions/A/SecurityHI
0x000000010f90e000 	/Library/Java/JavaVirtualMachines/jdk1.7.0_51.jdk/Contents/Home/jre/lib/libnio.dylib
0x000000010f91d000 	/Library/Java/JavaVirtualMachines/jdk1.7.0_51.jdk/Contents/Home/jre/lib/./libnet.dylib
0x000000010fa28000 	/Library/Java/JavaVirtualMachines/jdk1.7.0_51.jdk/Contents/Home/jre/lib/libsunec.dylib

VM Arguments:
jvm_args: -Xbootclasspath/a:/Users/tangrammer/.lein/self-installs/leiningen-2.3.4-standalone.jar -XX:+TieredCompilation -XX:TieredStopAtLevel=1 -Dfile.encoding=UTF-8 -Dmaven.wagon.http.ssl.easy=false -Dleiningen.original.pwd=/Users/tangrammer/git/open-stack-wrapper -Dleiningen.script=/usr/local/bin/lein 
java_command: clojure.main -m leiningen.core.main clean
Launcher Type: SUN_STANDARD

Environment Variables:
CLASSPATH=:/Users/tangrammer/.lein/self-installs/leiningen-2.3.4-standalone.jar
PATH=/usr/bin:/bin:/usr/sbin:/sbin:/usr/local/bin:/usr/X11/bin
SHELL=/bin/bash
DISPLAY=/tmp/launch-oYtaBq/org.x:0

Signal Handlers:
SIGSEGV: [libjvm.dylib+0x525425], sa_mask[0]=0xfffefeff, sa_flags=0x00000043
SIGBUS: [libjvm.dylib+0x525425], sa_mask[0]=0xfffefeff, sa_flags=0x00000042
SIGFPE: [libjvm.dylib+0x41892a], sa_mask[0]=0xfffefeff, sa_flags=0x00000042
SIGPIPE: [libjvm.dylib+0x41892a], sa_mask[0]=0xfffefeff, sa_flags=0x00000042
SIGXFSZ: [libjvm.dylib+0x41892a], sa_mask[0]=0xfffefeff, sa_flags=0x00000042
SIGILL: [libjvm.dylib+0x41892a], sa_mask[0]=0xfffefeff, sa_flags=0x00000042
SIGUSR1: SIG_DFL, sa_mask[0]=0x63807efb, sa_flags=0x00000000
SIGUSR2: [libjvm.dylib+0x41841c], sa_mask[0]=0x00000000, sa_flags=0x00000042
SIGHUP: [libjvm.dylib+0x4166ab], sa_mask[0]=0xfffefeff, sa_flags=0x00000042
SIGINT: [libjvm.dylib+0x4166ab], sa_mask[0]=0xfffefeff, sa_flags=0x00000042
SIGTERM: [libjvm.dylib+0x4166ab], sa_mask[0]=0xfffefeff, sa_flags=0x00000042
SIGQUIT: [libjvm.dylib+0x4166ab], sa_mask[0]=0xfffefeff, sa_flags=0x00000042


---------------  S Y S T E M  ---------------

OS:Bsduname:Darwin 11.4.2 Darwin Kernel Version 11.4.2: Thu Aug 23 16:25:48 PDT 2012; root:xnu-1699.32.7~1/RELEASE_X86_64 x86_64
rlimit: STACK 8192k, CORE 0k, NPROC 709, NOFILE 10240, AS infinity
load average:1.37 1.97 2.06

CPU:total 4 (2 cores per cpu, 2 threads per core) family 6 model 42 stepping 7, cmov, cx8, fxsr, mmx, sse, sse2, sse3, ssse3, sse4.1, sse4.2, popcnt, avx, aes, ht, tsc, tscinvbit

Memory: 4k page, physical 8388608k(2097152k free)

/proc/meminfo:


vm_info: Java HotSpot(TM) 64-Bit Server VM (24.51-b03) for bsd-amd64 JRE (1.7.0_51-b13), built on Dec 18 2013 18:45:56 by "java_re" with gcc 4.2.1 (Based on Apple Inc. build 5658) (LLVM build 2336.11.00)

time: Tue Feb  4 18:57:52 2014
elapsed time: 0 seconds

