#
# A fatal error has been detected by the Java Runtime Environment:
#
#  SIGSEGV (0xb) at pc=0x000000010babc31e, pid=1403, tid=2059
#
# JRE version: Java(TM) SE Runtime Environment (7.0_51-b13) (build 1.7.0_51-b13)
# Java VM: Java HotSpot(TM) 64-Bit Server VM (24.51-b03 mixed mode bsd-amd64 compressed oops)
# Problematic frame:
# V  [libjvm.dylib+0x4bc31e]
#
# Failed to write core dump. Core dumps have been disabled. To enable core dumping, try "ulimit -c unlimited" before starting Java again
#
# If you would like to submit a bug report, please visit:
#   http://bugreport.sun.com/bugreport/crash.jsp
#

---------------  T H R E A D  ---------------

Current thread (0x00007f83bb040000):  JavaThread "main" [_thread_in_vm, id=2059, stack(0x000000010c054000,0x000000010c154000)]

siginfo:si_signo=SIGSEGV: si_errno=0, si_code=1 (SEGV_MAPERR), si_addr=0x0000600000000000

Registers:
RAX=0x0000000117576000, RBX=0x0000600000000000, RCX=0x0000000000000008, RDX=0x000000010b519820
RSP=0x000000010c153060, RBP=0x000000010c153090, RSI=0x0000000000007d48, RDI=0x000000010b5270f0
R8 =0x0000000023717fec, R9 =0x000000077b026d00, R10=0x000000010be178f0, R11=0x000000007fffffff
R12=0x0000000000000008, R13=0x000000010b519820, R14=0x0000000000000000, R15=0x0000000023717fec
RIP=0x000000010babc31e, EFLAGS=0x0000000000010206, ERR=0x0000000000000004
  TRAPNO=0x000000000000000e

Top of Stack: (sp=0x000000010c153060)
0x000000010c153060:   000000010b5270f0 00007f83bb040000
0x000000010c153070:   0000000000000000 000000077b03c65a
0x000000010c153080:   0000000000000008 000000010b519820
0x000000010c153090:   000000010c1530e0 000000010babc549
0x000000010c1530a0:   000000010c153118 000000010c1530f4
0x000000010c1530b0:   00007d4823717fec 00007f83bb040000
0x000000010c1530c0:   0000000000000000 000000077b03c65a
0x000000010c1530d0:   0000000000000000 00007f83bd0058c0
0x000000010c1530e0:   000000010c153130 000000010babc76c
0x000000010c1530f0:   00000008bb040000 000000010b519540
0x000000010c153100:   000000010b519810 000000010b519820
0x000000010c153110:   000000010b519bf8 00000000000003d8
0x000000010c153120:   00007f83bb040000 0000000000000278
0x000000010c153130:   000000010c153180 000000010b7e797f
0x000000010c153140:   0000000000000278 00007f83bb040000
0x000000010c153150:   00007f83bd0058c0 0000000000000001
0x000000010c153160:   000000010c153101 000000077b026d00
0x000000010c153170:   00007f83bb040000 000000010c1531a8
0x000000010c153180:   000000010c1531f0 000000010b8d30ba
0x000000010c153190:   00000007d55570e8 00007f83bb040000
0x000000010c1531a0:   00007f83bb040000 000000010c153210
0x000000010c1531b0:   000000010c19a170 000000010c18b310
0x000000010c1531c0:   0000000100000000 000000010c153268
0x000000010c1531d0:   000000010c153210 0000000000000278
0x000000010c1531e0:   000000010c153298 00007f83bb040000
0x000000010c1531f0:   000000010c153268 000000010c19a1a4
0x000000010c153200:   00000000ffffffff 000000010c19a170
0x000000010c153210:   00000000000000bc 00000007d5552e68
0x000000010c153220:   00000007d5552e68 000000010c153228
0x000000010c153230:   000000077b03c65a 000000010c153298
0x000000010c153240:   000000077b03ce18 0000000000000000
0x000000010c153250:   000000077b03caf8 0000000000000000 

Instructions: (pc=0x000000010babc31e)
0x000000010babc2fe:   08 48 63 f6 48 8b 1c f0 45 31 f6 45 89 c7 41 89
0x000000010babc30e:   cc 49 89 d5 48 89 7d d0 eb 29 48 8b 43 10 eb 39
0x000000010babc31e:   44 39 3b 75 13 48 8b 7b 10 4c 89 ee 44 89 e2 e8
0x000000010babc32e:   20 c8 e1 ff 84 c0 75 e2 41 ff c6 48 8b 5b 08 48 

Register to memory mapping:

RAX=0x0000000117576000 is an unknown value
RBX=0x0000600000000000 is an unknown value
RCX=0x0000000000000008 is an unknown value
RDX=0x000000010b519820 is an unknown value
RSP=0x000000010c153060 is pointing into the stack for thread: 0x00007f83bb040000
RBP=0x000000010c153090 is pointing into the stack for thread: 0x00007f83bb040000
RSI=0x0000000000007d48 is an unknown value
RDI=0x000000010b5270f0 is an unknown value
R8 =0x0000000023717fec is an unknown value
R9 =0x000000077b026d00 is an oop
{constant pool} 
 - klass: {other class}
 - holder: 0x000000077b03cbf0
 - cache: 0x000000077b03ce18
 -   1 :  : klass_index=75 name_and_type_index=1204
 -   2 :  : "true" {0x7d5516ac8}
 -   3 :  : klass_index=21 name_and_type_index=1206
 -   4 :  : klass_index=242 name_and_type_index=1207
 -   5 :  : "false" {0x7d5557228}
 -   6 :  : klass_index=242 name_and_type_index=1209
 -   7 :  : "unknown" {0x7d5557260}
 -   8 :  : klass_index=1211 name_and_type_index=1212
 -   9 :  : klass_index=1213 name_and_type_index=1214
 -  10 :  : "--" {0x7d5557298}
 -  11 :  : klass_index=200 name_and_type_index=1216
 -  12 :  : klass_index=37 name_and_type_index=1217
 -  13 :  : klass_index=200 name_and_type_index=1218
 -  14 :  : klass_index=37 name_and_type_index=1219
 -  15 :  : klass_index=413 name_and_type_index=1220
 -  16 :  : klass_index=37 name_and_type_index=1221
 -  17 :  : klass_index=413 name_and_type_index=1222
 -  18 :  : 'java/io/Writer'
 -  19 :  : 'java/io/PrintWriter'
 -  20 :  : klass_index=19 name_and_type_index=1225
 -  21 :  : 'java/lang/String' {0x77ae0ae18}
 -  22 :  : 'java/net/URL'
 -  23 :  : klass_index=22 name_and_type_index=1228
 -  24 :  : klass_index=511 name_and_type_index=1229
 -  25 :  : klass_index=511 name_and_type_index=1230
 -  26 :  : 'clojure/lang/DynamicClassLoader'
 -  27 :  : klass_index=26 name_and_type_index=1232
 -  28 :  : 'java/lang/IllegalAccessError' {0x77b07aee0}
 -  29 :  : "Context classloader is not a DynamicClassLoader" {0x7d55572c8}
 -  30 :  : klass_index=28 name_and_type_index=1228
 -  31 :  : klass_index=1235 name_and_type_index=1236
 -  32 :  : klass_index=1211 name_and_type_index=1237
 -  33 :  : klass_index=1238 name_and_type_index=1239
 -  34 :  : klass_index=413 name_and_type_index=1240
 -  35 :  : klass_index=413 name_and_type_index=1241
 -  36 :  : klass_index=37 name_and_type_index=1242
 -  37 :  : 'clojure/lang/RT' {0x77b03cbf0}
 -  38 :  : klass_index=37 name_and_type_index=1244
 -  39 :  : klass_index=21 name_and_type_index=1245
 -  40 :  : klass_index=21 name_and_type_index=1246
 -  41 :  : klass_index=37 name_and_type_index=1247
 -  42 :  : klass_index=37 name_and_type_index=1248
 -  43 :  : 'java/io/InputStreamReader'
 -  44 :  : klass_index=37 name_and_type_index=1250
 -  45 :  : klass_index=43 name_and_type_index=1251
 -  46 :  : klass_index=443 name_and_type_index=1252
 -  47 :  : klass_index=1253 name_and_type_index=1254
 -  48 :  : 'java/io/FileNotFoundException'
 -  49 :  : 'java/lang/StringBuilder' {0x77ae87a30}
 -  50 :  : klass_index=49 name_and_type_index=1204
 -  51 :  : "Could not locate Clojure resource on classpath: " {0x7d5557350}
 -  52 :  : klass_index=49 name_and_type_index=1258
 -  53 :  : klass_index=49 name_and_type_index=1259
 -  54 :  : klass_index=48 name_and_type_index=1228
 -  55 :  : klass_index=37 name_and_type_index=1260
 -  56 :  : "No need to call RT.init() anymore" {0x7d55573d8}
 -  57 :  : klass_index=19 name_and_type_index=1262
 -  58 :  : klass_index=22 name_and_type_index=1263
 -  59 :  : "jar" {0x7d554ecb0}
 -  60 :  : klass_index=22 name_and_type_index=1265
 -  61 :  : 'java/net/JarURLConnection'
 -  62 :  : klass_index=61 name_and_type_index=1267
 -  63 :  : klass_index=1268 name_and_type_index=1269
 -  64 :  : klass_index=1270 name_and_type_index=1271
 -  65 :  : klass_index=1272 name_and_type_index=1273
 -  66 :  : "/" {0x7d5527de8}
 -  67 :  : klass_index=21 name_and_type_index=1275
 -  68 :  : klass_index=443 name_and_type_index=1276
 -  69 :  : klass_index=37 name_and_type_index=1277
 -  70 :  : "__init" {0x7d5552e30}
 -  71 :  : ".class" {0x7d5557448}
 -  72 :  : ".clj" {0x7d5557480}
 -  73 :  : klass_index=37 name_and_type_index=1281
 -  74 :  : klass_index=37 name_and_type_index=1282
 -  75 :  : 'java/lang/Object' {0x77ae02b68}
 -  76 :  : klass_index=37 name_and_type_index=1284
 -  77 :  : klass_index=37 name_and_type_index=1285
 -  78 :  : klass_index=37 name_and_type_index=1286
 -  79 :  : klass_index=37 name_and_type_index=1287
 -  80 :  : klass_index=413 name_and_type_index=1288
 -  81 :  : klass_index=21 name_and_type_index=1289
 -  82 :  : klass_index=37 name_and_type_index=1290
 -  83 :  : klass_index=413 name_and_type_index=1291
 -  84 :  : klass_index=443 name_and_type_index=1292
 -  85 :  : klass_index=37 name_and_type_index=1293
 -  86 :  : klass_index=37 name_and_type_index=1294
 -  87 :  : klass_index=37 name_and_type_index=1295
 -  88 :  : "Could not locate %s or %s on classpath: " {0x7d55574b0}
 -  89 :  : klass_index=21 name_and_type_index=1297
 -  90 :  : "clojure/core" {0x7d5557528}
 -  91 :  : klass_index=37 name_and_type_index=1299
 -  92 :  : "user" {0x7d5557568}
 -  93 :  : klass_index=1235 name_and_type_index=1301
 -  94 :  : "clojure.core" {0x7d5552c88}
 -  95 :  : "in-ns" {0x7d5557598}
 -  96 :  : klass_index=37 name_and_type_index=1304
 -  97 :  : "refer" {0x7d55575d0}
 -  98 :  : klass_index=413 name_and_type_index=1305
 -  99 :  : "user.clj" {0x7d5557608}
 - 100 :  : klass_index=37 name_and_type_index=1307
 - 101 :  : klass_index=37 name_and_type_index=1308
 - 102 :  : klass_index=718 name_and_type_index=1309
 - 103 :  : klass_index=509 name_and_type_index=1310
 - 104 :  : 'clojure/lang/ASeq'
 - 105 :  : 'clojure/lang/LazySeq'
 - 106 :  : klass_index=105 name_and_type_index=1313
 - 107 :  : klass_index=37 name_and_type_index=1314
 - 108 :  : 'clojure/lang/Seqable'
 - 109 :  : klass_index=108 name_and_type_index=1313
 - 110 :  : 'java/lang/Iterable' {0x77aeb7100}
 - 111 :  : klass_index=110 name_and_type_index=1317
 - 112 :  : klass_index=1318 name_and_type_index=1319
 - 113 :  : klass_index=75 name_and_type_index=1320
 - 114 :  : klass_index=408 name_and_type_index=1321
 - 115 :  : klass_index=1322 name_and_type_index=1323
 - 116 :  : 'java/lang/CharSequence' {0x77ae04b68}
 - 117 :  : klass_index=1325 name_and_type_index=1326
 - 118 :  : 'java/util/Map'
 - 119 :  : klass_index=118 name_and_type_index=1328
 - 120 :  : klass_index=408 name_and_type_index=1329
 - 121 :  : 'java/lang/IllegalArgumentException' {0x77af98530}
 - 122 :  : "Don't know how to create ISeq from: " {0x7d5557640}
 - 123 :  : klass_index=408 name_and_type_index=1332
 - 124 :  : klass_index=121 name_and_type_index=1228
 - 125 :  : klass_index=1333 name_and_type_index=1334
 - 126 :  : klass_index=1335 name_and_type_index=1336
 - 127 :  : 'clojure/lang/IMeta'
 - 128 :  : klass_index=127 name_and_type_index=1338
 - 129 :  : 'clojure/lang/Counted'
 - 130 :  : klass_index=129 name_and_type_index=1340
 - 131 :  : klass_index=1341 name_and_type_index=1342
 - 132 :  : klass_index=37 name_and_type_index=1343
 - 133 :  : 'clojure/lang/IPersistentCollection'
 - 134 :  : klass_index=148 name_and_type_index=1340
 - 135 :  : klass_index=148 name_and_type_index=1345
 - 136 :  : klass_index=116 name_and_type_index=1346
 - 137 :  : 'java/util/Collection'
 - 138 :  : klass_index=137 name_and_type_index=1348
 - 139 :  : klass_index=118 name_and_type_index=1348
 - 140 :  : klass_index=1349 name_and_type_index=1350
 - 141 :  : 'java/lang/UnsupportedOperationException' {0x77b0780c8}
 - 142 :  : "count not supported on this type: " {0x7d55576b0}
 - 143 :  : klass_index=408 name_and_type_index=1353
 - 144 :  : klass_index=141 name_and_type_index=1228
 - 145 :  : 'clojure/lang/PersistentList'
 - 146 :  : klass_index=145 name_and_type_index=1355
 - 147 :  : klass_index=133 name_and_type_index=1356
 - 148 :  : 'clojure/lang/ISeq'
 - 149 :  : 'clojure/lang/Cons'
 - 150 :  : klass_index=149 name_and_type_index=1359
 - 151 :  : klass_index=148 name_and_type_index=1360
 - 152 :  : klass_index=37 name_and_type_index=1361
 - 153 :  : klass_index=37 name_and_type_index=1362
 - 154 :  : klass_index=148 name_and_type_index=1363
 - 155 :  : klass_index=145 name_and_type_index=1364
 - 156 :  : 'clojure/lang/IPersistentStack'
 - 157 :  : klass_index=156 name_and_type_index=1366
 - 158 :  : klass_index=156 name_and_type_index=1367
 - 159 :  : 'clojure/lang/ILookup'
 - 160 :  : klass_index=159 name_and_type_index=1369
 - 161 :  : klass_index=37 name_and_type_index=1370
 - 162 :  : klass_index=118 name_and_type_index=1371
 - 163 :  : 'clojure/lang/IPersistentSet'
 - 164 :  : klass_index=163 name_and_type_index=1371
 - 165 :  : 'java/lang/Number' {0x77ae95c38}
 - 166 :  : klass_index=165 name_and_type_index=1374
 - 167 :  : klass_index=37 name_and_type_index=1375
 - 168 :  : klass_index=37 name_and_type_index=1376
 - 169 :  : klass_index=159 name_and_type_index=1377
 - 170 :  : klass_index=37 name_and_type_index=1378
 - 171 :  : klass_index=118 name_and_type_index=1379
 - 172 :  : klass_index=163 name_and_type_index=1380
 - 173 :  : 'clojure/lang/PersistentArrayMap'
 - 174 :  : klass_index=173 name_and_type_index=1382
 - 175 :  : 'clojure/lang/Associative'
 - 176 :  : klass_index=175 name_and_type_index=1384
 - 177 :  : klass_index=37 name_and_type_index=1385
 - 178 :  : klass_index=175 name_and_type_index=1379
 - 179 :  : klass_index=37 name_and_type_index=1386
 - 180 :  : 'java/util/Set'
 - 181 :  : klass_index=180 name_and_type_index=1380
 - 182 :  : klass_index=242 name_and_type_index=1388
 - 183 :  : "contains? not supported on type: " {0x7d5557720}
 - 184 :  : klass_index=175 name_and_type_index=1390
 - 185 :  : 'clojure/lang/MapEntry'
 - 186 :  : klass_index=185 name_and_type_index=1392
 - 187 :  : "Malformed keyword argslist" {0x7d5557790}
 - 188 :  : klass_index=1341 name_and_type_index=1394
 - 189 :  : 'clojure/lang/IPersistentMap'
 - 190 :  : klass_index=189 name_and_type_index=1396
 - 191 :  : 'clojure/lang/Indexed'
 - 192 :  : klass_index=191 name_and_type_index=1398
 - 193 :  : klass_index=37 name_and_type_index=1399
 - 194 :  : klass_index=116 name_and_type_index=1400
 - 195 :  : klass_index=228 name_and_type_index=1401
 - 196 :  : klass_index=408 name_and_type_index=1402
 - 197 :  : klass_index=1349 name_and_type_index=1403
 - 198 :  : klass_index=1404 name_and_type_index=1405
 - 199 :  : 'java/util/RandomAccess'
 - 200 :  : 'java/util/List'
 - 201 :  : klass_index=200 name_and_type_index=1408
 - 202 :  : 'java/util/regex/Matcher'
 - 203 :  : klass_index=202 name_and_type_index=1410
 - 204 :  : 'java/util/Map$Entry'
 - 205 :  : klass_index=204 name_and_type_index=1412
 - 206 :  : klass_index=204 name_and_type_index=1413
 - 207 :  : 'java/lang/IndexOutOfBoundsException' {0x77b071d78}
 - 208 :  : klass_index=207 name_and_type_index=1204
 - 209 :  : 'clojure/lang/Sequential'
 - 210 :  : "nth not supported on this type: " {0x7d55577f0}
 - 211 :  : klass_index=191 name_and_type_index=1417
 - 212 :  : klass_index=37 name_and_type_index=1418
 - 213 :  : klass_index=200 name_and_type_index=1348
 - 214 :  : klass_index=202 name_and_type_index=1419
 - 215 :  : 'clojure/lang/IPersistentVector'
 - 216 :  : klass_index=215 name_and_type_index=1421
 - 217 :  : '[Ljava/lang/Object;'
 - 218 :  : klass_index=37 name_and_type_index=1422
 - 219 :  : klass_index=37 name_and_type_index=1423
 - 220 :  : klass_index=37 name_and_type_index=1424
 - 221 :  : klass_index=1341 name_and_type_index=1425
 - 222 :  : klass_index=244 name_and_type_index=1426
 - 223 :  : klass_index=258 name_and_type_index=1427
 - 224 :  : klass_index=271 name_and_type_index=1428
 - 225 :  : klass_index=281 name_and_type_index=1429
 - 226 :  : klass_index=300 name_and_type_index=1430
 - 227 :  : klass_index=475 name_and_type_index=1431
 - 228 :  : 'java/lang/Character' {0x77ae933a0}
 - 229 :  : klass_index=228 name_and_type_index=1433
 - 230 :  : klass_index=165 name_and_type_index=1434
 - 231 :  : 65535
 - 233 :  : "Value out of range for char: " {0x7d5557858}
 - 234 :  : klass_index=49 name_and_type_index=1436
 - 235 :  : klass_index=49 name_and_type_index=1437
 - 236 :  : klass_index=49 name_and_type_index=1438
 - 237 :  : 65535.000000
 - 238 :  : klass_index=49 name_and_type_index=1439
 - 239 :  : 65535.000000
 - 241 :  : klass_index=49 name_and_type_index=1440
 - 242 :  : 'java/lang/Boolean' {0x77ae8c748}
 - 243 :  : klass_index=242 name_and_type_index=1442
 - 244 :  : 'java/lang/Byte' {0x77ae99dd0}
 - 245 :  : klass_index=244 name_and_type_index=1444
 - 246 :  : klass_index=37 name_and_type_index=1445
 - 247 :  : -128
 - 249 :  : 127
 - 251 :  : "Value out of range for byte: " {0x7d55578c0}
 - 252 :  : -128.000000
 - 253 :  : 127.000000
 - 254 :  : -128.000000
 - 256 :  : 127.000000
 - 258 :  : 'java/lang/Short' {0x77ae9ba80}
 - 259 :  : klass_index=258 name_and_type_index=1448
 - 260 :  : -32768
 - 262 :  : 32767
 - 264 :  : "Value out of range for short: " {0x7d5557928}
 - 265 :  : -32768.000000
 - 266 :  : 32767.000000
 - 267 :  : -32768.000000
 - 269 :  : 32767.000000
 - 271 :  : 'java/lang/Integer' {0x77ae9f638}
 - 272 :  : klass_index=271 name_and_type_index=1374
 - 273 :  : klass_index=37 name_and_type_index=1451
 - 274 :  : -2147483648.000000
 - 275 :  : 2147483648.000000
 - 276 :  : "Value out of range for int: " {0x7d5557990}
 - 277 :  : -2147483648.000000
 - 279 :  : 2147483647.000000
 - 281 :  : 'java/lang/Long' {0x77aea2cd8}
 - 282 :  : 'clojure/lang/BigInt'
 - 283 :  : klass_index=282 name_and_type_index=1455
 - 284 :  : klass_index=282 name_and_type_index=1456
 - 285 :  : "Value out of range for long: " {0x7d55579f0}
 - 286 :  : 'java/math/BigInteger' {0x77b0670f8}
 - 287 :  : klass_index=286 name_and_type_index=1459
 - 288 :  : klass_index=286 name_and_type_index=1434
 - 289 :  : 'clojure/lang/Ratio'
 - 290 :  : klass_index=289 name_and_type_index=1461
 - 291 :  : klass_index=37 name_and_type_index=1462
 - 292 :  : klass_index=165 name_and_type_index=1463
 - 293 :  : klass_index=37 name_and_type_index=1464
 - 294 :  : -9223372036854775808.000000
 - 295 :  : 9223372036854775808.000000
 - 296 :  : -9223372036854775808.000000
 - 298 :  : 9223372036854775808.000000
 - 300 :  : 'java/lang/Float' {0x77ae95ea8}
 - 301 :  : klass_index=300 name_and_type_index=1466
 - 302 :  : -340282346638528859811704183484516925440.000000
 - 304 :  : 340282346638528859811704183484516925440.000000
 - 306 :  : "Value out of range for float: " {0x7d5557a58}
 - 307 :  : klass_index=165 name_and_type_index=1444
 - 308 :  : klass_index=165 name_and_type_index=1448
 - 309 :  : klass_index=165 name_and_type_index=1466
 - 310 :  : klass_index=173 name_and_type_index=1468
 - 311 :  : klass_index=173 name_and_type_index=1469
 - 312 :  : klass_index=1470 name_and_type_index=1471
 - 313 :  : klass_index=1470 name_and_type_index=1472
 - 314 :  : klass_index=1473 name_and_type_index=1474
 - 315 :  : klass_index=1475 name_and_type_index=1476
 - 316 :  : klass_index=215 name_and_type_index=1340
 - 317 :  : klass_index=1477 name_and_type_index=1478
 - 318 :  : 'clojure/lang/APersistentVector$SubVector'
 - 319 :  : klass_index=318 name_and_type_index=1482
 - 320 :  : klass_index=37 name_and_type_index=1483
 - 321 :  : klass_index=37 name_and_type_index=1484
 - 322 :  : klass_index=37 name_and_type_index=1485
 - 323 :  : klass_index=37 name_and_type_index=1486
 - 324 :  : klass_index=37 name_and_type_index=1487
 - 325 :  : klass_index=37 name_and_type_index=1488
 - 326 :  : klass_index=137 name_and_type_index=1489
 - 327 :  : klass_index=180 name_and_type_index=1489
 - 328 :  : klass_index=21 name_and_type_index=1490
 - 329 :  : "Unable to convert: " {0x7d5557ac0}
 - 330 :  : " to Object[]" {0x7d5557b10}
 - 331 :  : klass_index=37 name_and_type_index=1493
 - 332 :  : klass_index=1349 name_and_type_index=1494
 - 333 :  : klass_index=37 name_and_type_index=1495
 - 334 :  : klass_index=271 name_and_type_index=1496
 - 335 :  : klass_index=37 name_and_type_index=1497
 - 336 :  : klass_index=1349 name_and_type_index=1498
 - 337 :  : klass_index=244 name_and_type_index=1496
 - 338 :  : klass_index=37 name_and_type_index=1499
 - 339 :  : klass_index=300 name_and_type_index=1496
 - 340 :  : klass_index=37 name_and_type_index=1500
 - 341 :  : klass_index=258 name_and_type_index=1496
 - 342 :  : klass_index=37 name_and_type_index=1501
 - 343 :  : klass_index=228 name_and_type_index=1496
 - 344 :  : klass_index=37 name_and_type_index=1502
 - 345 :  : klass_index=37 name_and_type_index=1503
 - 346 :  : klass_index=1504 name_and_type_index=1505
 - 347 :  : klass_index=37 name_and_type_index=1506
 - 348 :  : 'java/io/PushbackReader'
 - 349 :  : klass_index=348 name_and_type_index=1508
 - 350 :  : klass_index=1504 name_and_type_index=1509
 - 351 :  : klass_index=1504 name_and_type_index=1510
 - 352 :  : 'clojure/lang/LineNumberingPushbackReader'
 - 353 :  : klass_index=352 name_and_type_index=1512
 - 354 :  : klass_index=352 name_and_type_index=1513
 - 355 :  : klass_index=37 name_and_type_index=1514
 - 356 :  : klass_index=352 name_and_type_index=1515
 - 357 :  : 'clojure/lang/Reduced'
 - 358 :  : 'java/io/StringWriter'
 - 359 :  : klass_index=358 name_and_type_index=1204
 - 360 :  : klass_index=37 name_and_type_index=1518
 - 361 :  : klass_index=358 name_and_type_index=1259
 - 362 :  : 'java/lang/Exception' {0x77ae245e0}
 - 363 :  : klass_index=1341 name_and_type_index=1520
 - 364 :  : 'java/io/StringReader'
 - 365 :  : klass_index=364 name_and_type_index=1228
 - 366 :  : klass_index=348 name_and_type_index=1515
 - 367 :  : klass_index=1522 name_and_type_index=1523
 - 368 :  : klass_index=37 name_and_type_index=1524
 - 369 :  : klass_index=413 name_and_type_index=1525
 - 370 :  : klass_index=37 name_and_type_index=1526
 - 371 :  : klass_index=413 name_and_type_index=1527
 - 372 :  : klass_index=37 name_and_type_index=1528
 - 373 :  : 'clojure/lang/Obj'
 - 374 :  : klass_index=373 name_and_type_index=1338
 - 375 :  : klass_index=37 name_and_type_index=1530
 - 376 :  : klass_index=37 name_and_type_index=1531
 - 377 :  : "#^" {0x7d5557b50}
 - 378 :  : klass_index=18 name_and_type_index=1533
 - 379 :  : klass_index=189 name_and_type_index=1340
 - 380 :  : klass_index=189 name_and_type_index=1379
 - 381 :  : klass_index=189 name_and_type_index=1369
 - 382 :  : klass_index=18 name_and_type_index=1534
 - 383 :  : "nil" {0x7d5557b80}
 - 384 :  : 'clojure/lang/IPersistentList'
 - 385 :  : klass_index=37 name_and_type_index=1537
 - 386 :  : klass_index=21 name_and_type_index=1346
 - 387 :  : klass_index=21 name_and_type_index=1400
 - 388 :  : "\n" {0x7d5557bb0}
 - 389 :  : "\t" {0x7d5557be0}
 - 390 :  : "\r" {0x7d5557c10}
 - 391 :  : "\"" {0x7d5557c40}
 - 392 :  : "\\" {0x7d5557c70}
 - 393 :  : "\f" {0x7d5557ca0}
 - 394 :  : "\b" {0x7d5557cd0}
 - 395 :  : 'clojure/lang/IMapEntry'
 - 396 :  : klass_index=395 name_and_type_index=1546
 - 397 :  : klass_index=395 name_and_type_index=1547
 - 398 :  : ", " {0x7d5557d00}
 - 399 :  : klass_index=215 name_and_type_index=1398
 - 400 :  : "#{" {0x7d5557d30}
 - 401 :  : " " {0x7d5557d60}
 - 402 :  : "newline" {0x7d5557d90}
 - 403 :  : "tab" {0x7d5557dc8}
 - 404 :  : "space" {0x7d5557df8}
 - 405 :  : "backspace" {0x7d5557e30}
 - 406 :  : "formfeed" {0x7d5557e70}
 - 407 :  : "return" {0x7d5557ea8}
 - 408 :  : 'java/lang/Class' {0x77ae15b30}
 - 409 :  : "#=" {0x7d5557ee0}
 - 410 :  : 'java/math/BigDecimal' {0x77b0711b0}
 - 411 :  : klass_index=75 name_and_type_index=1259
 - 412 :  : "BIGINT" {0x7d5557f10}
 - 413 :  : 'clojure/lang/Var'
 - 414 :  : "#=(var " {0x7d5557f48}
 - 415 :  : klass_index=413 name_and_type_index=1563
 - 416 :  : klass_index=1238 name_and_type_index=1564
 - 417 :  : klass_index=413 name_and_type_index=1565
 - 418 :  : ")" {0x7d5557f80}
 - 419 :  : 'java/util/regex/Pattern'
 - 420 :  : "#"" {0x7d5557fb0}
 - 421 :  : klass_index=419 name_and_type_index=1569
 - 422 :  : """ {0x7d5557fe0}
 - 423 :  : "null" {0x7d5503338}
 - 424 :  : klass_index=37 name_and_type_index=1572
 - 425 :  : klass_index=1322 name_and_type_index=1573
 - 426 :  : klass_index=37 name_and_type_index=1574
 - 427 :  : klass_index=228 name_and_type_index=1575
 - 428 :  : "Missing argument" {0x7d5558010}
 - 429 :  : klass_index=37 name_and_type_index=1577
 - 430 :  : klass_index=37 name_and_type_index=1578
 - 431 :  : "~}" {0x7d5558058}
 - 432 :  : klass_index=21 name_and_type_index=1580
 - 433 :  : "Missing ~}" {0x7d5558088}
 - 434 :  : klass_index=21 name_and_type_index=1582
 - 435 :  : "Unsupported ~ directive: " {0x7d55580c8}
 - 436 :  : klass_index=49 name_and_type_index=1584
 - 437 :  : 'clojure/lang/RT$4'
 - 438 :  : klass_index=437 name_and_type_index=1204
 - 439 :  : klass_index=1587 name_and_type_index=1588
 - 440 :  : 'java/lang/ClassLoader' {0x77ae1cf18}
 - 441 :  : klass_index=443 name_and_type_index=1590
 - 442 :  : klass_index=37 name_and_type_index=1591
 - 443 :  : 'clojure/lang/Compiler' {0x77b04dc60}
 - 444 :  : klass_index=408 name_and_type_index=1593
 - 445 :  : klass_index=440 name_and_type_index=1594
 - 446 :  : klass_index=440 name_and_type_index=1595
 - 447 :  : klass_index=440 name_and_type_index=1596
 - 448 :  : klass_index=440 name_and_type_index=1597
 - 449 :  : klass_index=408 name_and_type_index=1598
 - 450 :  : 'java/lang/ClassNotFoundException' {0x77ae29b90}
 - 451 :  : klass_index=1600 name_and_type_index=1601
 - 452 :  : '[F'
 - 453 :  : klass_index=1602 name_and_type_index=1601
 - 454 :  : '[D'
 - 455 :  : klass_index=1603 name_and_type_index=1601
 - 456 :  : '[I'
 - 457 :  : klass_index=1604 name_and_type_index=1601
 - 458 :  : '[J'
 - 459 :  : klass_index=1605 name_and_type_index=1601
 - 460 :  : '[C'
 - 461 :  : klass_index=1606 name_and_type_index=1601
 - 462 :  : '[B'
 - 463 :  : klass_index=1607 name_and_type_index=1601
 - 464 :  : '[S'
 - 465 :  : klass_index=1608 name_and_type_index=1601
 - 466 :  : '[Z'
 - 467 :  : klass_index=1609 name_and_type_index=1601
 - 468 :  : "Boolean" {0x7d5553178}
 - 469 :  : "Byte" {0x7d55531d0}
 - 470 :  : "Character" {0x7d5553220}
 - 471 :  : "Class" {0x7d5553280}
 - 472 :  : "ClassLoader" {0x7d55532d8}
 - 473 :  : "Compiler" {0x7d5553338}
 - 474 :  : "Double" {0x7d5553988}
 - 475 :  : 'java/lang/Double' {0x77ae98258}
 - 476 :  : "Enum" {0x7d55539e0}
 - 477 :  : 'java/lang/Enum' {0x77af8ee20}
 - 478 :  : "Float" {0x7d5553a30}
 - 479 :  : "InheritableThreadLocal" {0x7d5553a88}
 - 480 :  : 'java/lang/InheritableThreadLocal' {0x77b04e3c8}
 - 481 :  : "Integer" {0x7d5553b70}
 - 482 :  : "Long" {0x7d5553bc8}
 - 483 :  : "Math" {0x7d5553c18}
 - 484 :  : 'java/lang/Math' {0x77aed0b00}
 - 485 :  : "Number" {0x7d5553c68}
 - 486 :  : "Object" {0x7d5553cc0}
 - 487 :  : "Package" {0x7d5553d18}
 - 488 :  : 'java/lang/Package' {0x77b0517a0}
 - 489 :  : "Process" {0x7d5553df0}
 - 490 :  : 'java/lang/Process' {0x77b052148}
 - 491 :  : "ProcessBuilder" {0x7d5553eb8}
 - 492 :  : 'java/lang/ProcessBuilder' {0x77b0545f0}
 - 493 :  : "Runtime" {0x7d5553f98}
 - 494 :  : 'java/lang/Runtime' {0x77af37358}
 - 495 :  : "RuntimePermission" {0x7d5553ff0}
 - 496 :  : 'java/lang/RuntimePermission' {0x77aeb1898}
 - 497 :  : "SecurityManager" {0x7d5554060}
 - 498 :  : 'java/lang/SecurityManager' {0x77b058720}
 - 499 :  : "Short" {0x7d5554150}
 - 500 :  : "StackTraceElement" {0x7d55541a8}
 - 501 :  : 'java/lang/StackTraceElement' {0x77ae88b68}
 - 502 :  : "StrictMath" {0x7d5554218}
 - 503 :  : 'java/lang/StrictMath' {0x77b05c390}
 - 504 :  : "String" {0x7d5554318}
 - 505 :  : "StringBuffer" {0x7d5554370}
 - 506 :  : 'java/lang/StringBuffer' {0x77ae81d68}
 - 507 :  : "StringBuilder" {0x7d55543d0}
 - 508 :  : "System" {0x7d5554438}
 - 509 :  : 'java/lang/System' {0x77ae203a8}
 - 510 :  : "Thread" {0x7d5554490}
 - 511 :  : 'java/lang/Thread' {0x77ae36a00}
 - 512 :  : "ThreadGroup" {0x7d55544e8}
 - 513 :  : 'java/lang/ThreadGroup' {0x77ae3a898}
 - 514 :  : "ThreadLocal" {0x7d5554548}
 - 515 :  : 'java/lang/ThreadLocal' {0x77aee4c78}
 - 516 :  : "Throwable" {0x7d55545a8}
 - 517 :  : 'java/lang/Throwable' {0x77ae23030}
 - 518 :  : "Void" {0x7d5554608}
 - 519 :  : 'java/lang/Void' {0x77b015e90}
 - 520 :  : "Appendable" {0x7d5554658}
 - 521 :  : 'java/lang/Appendable' {0x77ae7dd40}
 - 522 :  : "CharSequence" {0x7d55546b8}
 - 523 :  : "Cloneable" {0x7d5554718}
 - 524 :  : 'java/lang/Cloneable' {0x77ae15e48}
 - 525 :  : "Comparable" {0x7d5554778}
 - 526 :  : 'java/lang/Comparable' {0x77ae04538}
 - 527 :  : "Iterable" {0x7d55547d8}
 - 528 :  : "Readable" {0x7d5554830}
 - 529 :  : 'java/lang/Readable' {0x77afb6b60}
 - 530 :  : "Runnable" {0x7d5554888}
 - 531 :  : 'java/lang/Runnable' {0x77ae31ea8}
 - 532 :  : "Callable" {0x7d55548e0}
 - 533 :  : 'java/util/concurrent/Callable' {0x77b01b958}
 - 534 :  : "BigInteger" {0x7d5554938}
 - 535 :  : "BigDecimal" {0x7d5554a80}
 - 536 :  : "ArithmeticException" {0x7d5554bd0}
 - 537 :  : 'java/lang/ArithmeticException' {0x77aea4540}
 - 538 :  : "ArrayIndexOutOfBoundsException" {0x7d5554c40}
 - 539 :  : 'java/lang/ArrayIndexOutOfBoundsException' {0x77b072038}
 - 540 :  : "ArrayStoreException" {0x7d5554db8}
 - 541 :  : 'java/lang/ArrayStoreException' {0x77ae2b328}
 - 542 :  : "ClassCastException" {0x7d5554e28}
 - 543 :  : 'java/lang/ClassCastException' {0x77ae2ad80}
 - 544 :  : "ClassNotFoundException" {0x7d5554e98}
 - 545 :  : "CloneNotSupportedException" {0x7d5554f10}
 - 546 :  : 'java/lang/CloneNotSupportedException' {0x77b0725e0}
 - 547 :  : "EnumConstantNotPresentException" {0x7d5555008}
 - 548 :  : 'java/lang/EnumConstantNotPresentException' {0x77b072db0}
 - 549 :  : "Exception" {0x7d5555108}
 - 550 :  : "IllegalAccessException" {0x7d5555168}
 - 551 :  : 'java/lang/IllegalAccessException' {0x77b073368}
 - 552 :  : "IllegalArgumentException" {0x7d5555258}
 - 553 :  : "IllegalMonitorStateException" {0x7d55552d0}
 - 554 :  : 'java/lang/IllegalMonitorStateException' {0x77ae2c988}
 - 555 :  : "IllegalStateException" {0x7d5555350}
 - 556 :  : 'java/lang/IllegalStateException' {0x77b073af0}
 - 557 :  : "IllegalThreadStateException" {0x7d5555440}
 - 558 :  : 'java/lang/IllegalThreadStateException' {0x77b074098}
 - 559 :  : "IndexOutOfBoundsException" {0x7d5555538}
 - 560 :  : "InstantiationException" {0x7d55555b8}
 - 561 :  : 'java/lang/InstantiationException' {0x77b074640}
 - 562 :  : "InterruptedException" {0x7d55556a8}
 - 563 :  : 'java/lang/InterruptedException' {0x77b074be8}
 - 564 :  : "NegativeArraySizeException" {0x7d5555790}
 - 565 :  : 'java/lang/NegativeArraySizeException' {0x77b075190}
 - 566 :  : "NoSuchFieldException" {0x7d5555888}
 - 567 :  : 'java/lang/NoSuchFieldException' {0x77b075738}
 - 568 :  : "NoSuchMethodException" {0x7d5555970}
 - 569 :  : 'java/lang/NoSuchMethodException' {0x77b075ce0}
 - 570 :  : "NullPointerException" {0x7d5555a60}
 - 571 :  : 'java/lang/NullPointerException' {0x77aea3f78}
 - 572 :  : "NumberFormatException" {0x7d5555ad0}
 - 573 :  : 'java/lang/NumberFormatException' {0x77b076418}
 - 574 :  : "RuntimeException" {0x7d5555bc0}
 - 575 :  : 'java/lang/RuntimeException' {0x77ae24e58}
 - 576 :  : "SecurityException" {0x7d5555c28}
 - 577 :  : 'java/lang/SecurityException' {0x77b076ba0}
 - 578 :  : "StringIndexOutOfBoundsException" {0x7d5555d10}
 - 579 :  : 'java/lang/StringIndexOutOfBoundsException' {0x77b0772c8}
 - 580 :  : "TypeNotPresentException" {0x7d5555e10}
 - 581 :  : 'java/lang/TypeNotPresentException' {0x77b077938}
 - 582 :  : "UnsupportedOperationException" {0x7d5555f00}
 - 583 :  : "AbstractMethodError" {0x7d5556000}
 - 584 :  : 'java/lang/AbstractMethodError' {0x77b078670}
 - 585 :  : "AssertionError" {0x7d55560e8}
 - 586 :  : 'java/lang/AssertionError' {0x77b079528}
 - 587 :  : "ClassCircularityError" {0x7d55561c8}
 - 588 :  : 'java/lang/ClassCircularityError' {0x77b079ad0}
 - 589 :  : "ClassFormatError" {0x7d55562b8}
 - 590 :  : 'java/lang/ClassFormatError' {0x77b07a078}
 - 591 :  : "Error" {0x7d5556398}
 - 592 :  : 'java/lang/Error' {0x77ae238a8}
 - 593 :  : "ExceptionInInitializerError" {0x7d55563f0}
 - 594 :  : 'java/lang/ExceptionInInitializerError' {0x77b07a930}
 - 595 :  : "IllegalAccessError" {0x7d55564e8}
 - 596 :  : "IncompatibleClassChangeError" {0x7d55565d0}
 - 597 :  : 'java/lang/IncompatibleClassChangeError' {0x77aeee7b0}
 - 598 :  : "InstantiationError" {0x7d5556650}
 - 599 :  : 'java/lang/InstantiationError' {0x77b07b488}
 - 600 :  : "InternalError" {0x7d5556738}
 - 601 :  : 'java/lang/InternalError' {0x77b07ba30}
 - 602 :  : "LinkageError" {0x7d5556818}
 - 603 :  : 'java/lang/LinkageError' {0x77ae2a518}
 - 604 :  : "NoClassDefFoundError" {0x7d5556878}
 - 605 :  : 'java/lang/NoClassDefFoundError' {0x77ae2a7d8}
 - 606 :  : "NoSuchFieldError" {0x7d55568e8}
 - 607 :  : 'java/lang/NoSuchFieldError' {0x77b07bfd8}
 - 608 :  : "NoSuchMethodError" {0x7d55569c8}
 - 609 :  : 'java/lang/NoSuchMethodError' {0x77aeeea70}
 - 610 :  : "OutOfMemoryError" {0x7d5556a38}
 - 611 :  : 'java/lang/OutOfMemoryError' {0x77ae2be38}
 - 612 :  : "StackOverflowError" {0x7d5556aa0}
 - 613 :  : 'java/lang/StackOverflowError' {0x77ae2c3e0}
 - 614 :  : "ThreadDeath" {0x7d5556b10}
 - 615 :  : 'java/lang/ThreadDeath' {0x77ae23d68}
 - 616 :  : "UnknownError" {0x7d5556b70}
 - 617 :  : 'java/lang/UnknownError' {0x77b07c580}
 - 618 :  : "UnsatisfiedLinkError" {0x7d5556c48}
 - 619 :  : 'java/lang/UnsatisfiedLinkError' {0x77b07cb28}
 - 620 :  : "UnsupportedClassVersionError" {0x7d5556d30}
 - 621 :  : 'java/lang/UnsupportedClassVersionError' {0x77b07d0d0}
 - 622 :  : "VerifyError" {0x7d5556e28}
 - 623 :  : 'java/lang/VerifyError' {0x77b07d678}
 - 624 :  : "VirtualMachineError" {0x7d5556f00}
 - 625 :  : 'java/lang/VirtualMachineError' {0x77ae2b890}
 - 626 :  : "Thread$UncaughtExceptionHandler" {0x7d5556f70}
 - 627 :  : 'java/lang/Thread$UncaughtExceptionHandler' {0x77ae37900}
 - 628 :  : "Thread$State" {0x7d5556ff8}
 - 629 :  : 'java/lang/Thread$State' {0x77b07e030}
 - 630 :  : "Deprecated" {0x7d55570e8}
 - 631 :  : 'java/lang/Deprecated' {0x77b07ea78}
 - 632 :  : 
[error occurred during error reporting (printing register info), id 0xb]

Stack: [0x000000010c054000,0x000000010c154000],  sp=0x000000010c153060,  free space=1020k
Native frames: (J=compiled Java code, j=interpreted, Vv=VM code, C=native code)
V  [libjvm.dylib+0x4bc31e]
V  [libjvm.dylib+0x4bc549]
V  [libjvm.dylib+0x4bc76c]
V  [libjvm.dylib+0x1e797f]
V  [libjvm.dylib+0x2d30ba]
j  clojure.lang.RT.<clinit>()V+1674
v  ~StubRoutines::call_stub
V  [libjvm.dylib+0x2d6bb0]
V  [libjvm.dylib+0x2d6980]
V  [libjvm.dylib+0x2ac187]
V  [libjvm.dylib+0x2ad676]
V  [libjvm.dylib+0x29fb21]
V  [libjvm.dylib+0x39f3cb]
V  [libjvm.dylib+0x39f4b1]
V  [libjvm.dylib+0x2d1d42]
j  clojure.main.<clinit>()V+12
v  ~StubRoutines::call_stub
V  [libjvm.dylib+0x2d6bb0]
V  [libjvm.dylib+0x2d6980]
V  [libjvm.dylib+0x2ac187]
V  [libjvm.dylib+0x2ad676]
V  [libjvm.dylib+0x29fb21]
V  [libjvm.dylib+0x30a574]
V  [libjvm.dylib+0x301132]
C  [java+0x3098]  JavaMain+0x8b7
C  [libsystem_c.dylib+0x4e8bf]  _pthread_start+0x14f
C  [libsystem_c.dylib+0x51b75]  thread_start+0xd

Java frames: (J=compiled Java code, j=interpreted, Vv=VM code)
j  clojure.lang.RT.<clinit>()V+1674
v  ~StubRoutines::call_stub
j  clojure.main.<clinit>()V+12
v  ~StubRoutines::call_stub

---------------  P R O C E S S  ---------------

Java Threads: ( => current thread )
  0x00007f83bb842800 JavaThread "Service Thread" daemon [_thread_blocked, id=22019, stack(0x00000001190b7000,0x00000001191b7000)]
  0x00007f83bb842000 JavaThread "C1 CompilerThread2" daemon [_thread_blocked, id=21507, stack(0x0000000118fb4000,0x00000001190b4000)]
  0x00007f83bb841000 JavaThread "C2 CompilerThread1" daemon [_thread_blocked, id=20995, stack(0x0000000118eb1000,0x0000000118fb1000)]
  0x00007f83bb83f800 JavaThread "C2 CompilerThread0" daemon [_thread_blocked, id=20483, stack(0x0000000118dae000,0x0000000118eae000)]
  0x00007f83bb802800 JavaThread "Signal Dispatcher" daemon [_thread_blocked, id=19971, stack(0x0000000118cab000,0x0000000118dab000)]
  0x00007f83bb08f000 JavaThread "Finalizer" daemon [_thread_blocked, id=15875, stack(0x00000001189b0000,0x0000000118ab0000)]
  0x00007f83bb08c800 JavaThread "Reference Handler" daemon [_thread_blocked, id=15363, stack(0x00000001188ad000,0x00000001189ad000)]
=>0x00007f83bb040000 JavaThread "main" [_thread_in_vm, id=2059, stack(0x000000010c054000,0x000000010c154000)]

Other Threads:
  0x00007f83bb08c000 VMThread [stack: 0x00000001187aa000,0x00000001188aa000] [id=14851]
  0x00007f83bb80b000 WatcherThread [stack: 0x00000001191ba000,0x00000001192ba000] [id=22531]

VM state:not at safepoint (normal execution)

VM Mutex/Monitor currently owned by a thread: None

Heap
 PSYoungGen      total 38912K, used 675K [0x00000007d5500000, 0x00000007d8000000, 0x0000000800000000)
  eden space 33792K, 2% used [0x00000007d5500000,0x00000007d55a8fc8,0x00000007d7600000)
  from space 5120K, 0% used [0x00000007d7b00000,0x00000007d7b00000,0x00000007d8000000)
  to   space 5120K, 0% used [0x00000007d7600000,0x00000007d7600000,0x00000007d7b00000)
 ParOldGen       total 87040K, used 0K [0x0000000780000000, 0x0000000785500000, 0x00000007d5500000)
  object space 87040K, 0% used [0x0000000780000000,0x0000000780000000,0x0000000785500000)
 PSPermGen       total 21504K, used 2555K [0x000000077ae00000, 0x000000077c300000, 0x0000000780000000)
  object space 21504K, 11% used [0x000000077ae00000,0x000000077b07eca0,0x000000077c300000)

Card table byte_map: [0x0000000112306000,0x0000000112730000] byte_map_base: 0x000000010e72f000

Polling page: 0x000000010b4db000

Code Cache  [0x000000010c186000, 0x000000010c3f6000, 0x0000000112186000)
 total_blobs=215 nmethods=6 adapters=146 free_code_cache=97329Kb largest_free_block=99665728

Compilation events (10 events):
Event: 0.057 Thread 0x00007f83bb842000    3       1       java.lang.String::charAt (29 bytes)
Event: 0.057 Thread 0x00007f83bb842000 nmethod 3 0x000000010c275610 code [0x000000010c275780, 0x000000010c2759c8]
Event: 0.057 Thread 0x00007f83bb842000    2       1       java.util.Hashtable::hash (10 bytes)
Event: 0.057 Thread 0x00007f83bb842000 nmethod 2 0x000000010c275b10 code [0x000000010c275c80, 0x000000010c275e08]
Event: 0.062 Thread 0x00007f83bb842000    4       1       java.lang.Math::min (11 bytes)
Event: 0.062 Thread 0x00007f83bb842000 nmethod 4 0x000000010c278ed0 code [0x000000010c279020, 0x000000010c279150]
Event: 0.063 Thread 0x00007f83bb842000    5       1       java.lang.Object::<init> (1 bytes)
Event: 0.063 Thread 0x00007f83bb842000 nmethod 5 0x000000010c279190 code [0x000000010c2792e0, 0x000000010c279430]
Event: 0.064 Thread 0x00007f83bb842000    6       1       java.lang.String::lastIndexOf (52 bytes)
Event: 0.065 Thread 0x00007f83bb842000 nmethod 6 0x000000010c279490 code [0x000000010c279600, 0x000000010c2797e8]

GC Heap History (0 events):
No events

Deoptimization events (0 events):
No events

Internal exceptions (1 events):
Event: 0.030 Thread 0x00007f83bb040000 Threw 0x00000007d5510658 at /HUDSON/workspace/7u-2-build-macosx-x86_64/jdk7u51/527/hotspot/src/share/vm/prims/jni.cpp:3991

Events (10 events):
Event: 0.065 loading class 0x000000011751c3c0
Event: 0.065 loading class 0x000000011751c3c0 done
Event: 0.065 loading class 0x000000011751c5e0
Event: 0.065 loading class 0x000000011751c5e0 done
Event: 0.065 loading class 0x000000011752de10
Event: 0.065 loading class 0x000000011752de10 done
Event: 0.065 loading class 0x00007f83bb044ed0
Event: 0.065 loading class 0x0000000117525850
Event: 0.065 loading class 0x0000000117525850 done
Event: 0.065 loading class 0x00007f83bb044ed0 done


Dynamic libraries:
0x00000000085a9000 	/System/Library/Frameworks/Cocoa.framework/Versions/A/Cocoa
0x00000000085a9000 	/System/Library/Frameworks/Security.framework/Versions/A/Security
0x00000000085a9000 	/System/Library/Frameworks/ApplicationServices.framework/Versions/A/ApplicationServices
0x00000000085a9000 	/usr/lib/libz.1.dylib
0x00000000085a9000 	/usr/lib/libSystem.B.dylib
0x00000000085a9000 	/usr/lib/libobjc.A.dylib
0x00000000085a9000 	/System/Library/Frameworks/CoreFoundation.framework/Versions/A/CoreFoundation
0x00000000085a9000 	/System/Library/Frameworks/Foundation.framework/Versions/C/Foundation
0x00000000085a9000 	/System/Library/Frameworks/AppKit.framework/Versions/C/AppKit
0x00000000085a9000 	/System/Library/Frameworks/CoreData.framework/Versions/A/CoreData
0x00000000085a9000 	/System/Library/PrivateFrameworks/RemoteViewServices.framework/Versions/A/RemoteViewServices
0x00000000085a9000 	/System/Library/Frameworks/AudioToolbox.framework/Versions/A/AudioToolbox
0x00000000085a9000 	/System/Library/Frameworks/AudioUnit.framework/Versions/A/AudioUnit
0x00000000085a9000 	/System/Library/PrivateFrameworks/DataDetectorsCore.framework/Versions/A/DataDetectorsCore
0x00000000085a9000 	/System/Library/PrivateFrameworks/DesktopServicesPriv.framework/Versions/A/DesktopServicesPriv
0x00000000085a9000 	/System/Library/Frameworks/Carbon.framework/Versions/A/Frameworks/HIToolbox.framework/Versions/A/HIToolbox
0x00000000085a9000 	/System/Library/Frameworks/QuartzCore.framework/Versions/A/QuartzCore
0x00000000085a9000 	/System/Library/Frameworks/Carbon.framework/Versions/A/Frameworks/SpeechRecognition.framework/Versions/A/SpeechRecognition
0x00000000085a9000 	/usr/lib/libauto.dylib
0x00000000085a9000 	/usr/lib/libicucore.A.dylib
0x00000000085a9000 	/usr/lib/libxml2.2.dylib
0x00000000085a9000 	/System/Library/PrivateFrameworks/CoreUI.framework/Versions/A/CoreUI
0x00000000085a9000 	/System/Library/Frameworks/CoreAudio.framework/Versions/A/CoreAudio
0x00000000085a9000 	/System/Library/Frameworks/DiskArbitration.framework/Versions/A/DiskArbitration
0x00000000085a9000 	/usr/lib/liblangid.dylib
0x00000000085a9000 	/System/Library/PrivateFrameworks/MultitouchSupport.framework/Versions/A/MultitouchSupport
0x00000000085a9000 	/System/Library/Frameworks/IOKit.framework/Versions/A/IOKit
0x00000000085a9000 	/usr/lib/libDiagnosticMessagesClient.dylib
0x00000000085a9000 	/System/Library/Frameworks/CoreServices.framework/Versions/A/CoreServices
0x00000000085a9000 	/System/Library/PrivateFrameworks/PerformanceAnalysis.framework/Versions/A/PerformanceAnalysis
0x00000000085a9000 	/System/Library/PrivateFrameworks/GenerationalStorage.framework/Versions/A/GenerationalStorage
0x00000000085a9000 	/System/Library/Frameworks/OpenGL.framework/Versions/A/OpenGL
0x00000000085a9000 	/System/Library/Frameworks/CoreServices.framework/Versions/A/Frameworks/CFNetwork.framework/Versions/A/CFNetwork
0x00000000085a9000 	/System/Library/Frameworks/SystemConfiguration.framework/Versions/A/SystemConfiguration
0x00000000085a9000 	/usr/lib/libCRFSuite.dylib
0x00000000085a9000 	/usr/lib/libc++.1.dylib
0x00000000085a9000 	/usr/lib/libstdc++.6.dylib
0x00000000085a9000 	/usr/lib/libc++abi.dylib
0x00000000085a9000 	/usr/lib/system/libcache.dylib
0x00000000085a9000 	/usr/lib/system/libcommonCrypto.dylib
0x00000000085a9000 	/usr/lib/system/libcompiler_rt.dylib
0x00000000085a9000 	/usr/lib/system/libcopyfile.dylib
0x00000000085a9000 	/usr/lib/system/libdispatch.dylib
0x00000000085a9000 	/usr/lib/system/libdnsinfo.dylib
0x00000000085a9000 	/usr/lib/system/libdyld.dylib
0x00000000085a9000 	/usr/lib/system/libkeymgr.dylib
0x00000000085a9000 	/usr/lib/system/liblaunch.dylib
0x00000000085a9000 	/usr/lib/system/libmacho.dylib
0x00000000085a9000 	/usr/lib/system/libmathCommon.A.dylib
0x00000000085a9000 	/usr/lib/system/libquarantine.dylib
0x00000000085a9000 	/usr/lib/system/libremovefile.dylib
0x00000000085a9000 	/usr/lib/system/libsystem_blocks.dylib
0x00000000085a9000 	/usr/lib/system/libsystem_c.dylib
0x00000000085a9000 	/usr/lib/system/libsystem_dnssd.dylib
0x00000000085a9000 	/usr/lib/system/libsystem_info.dylib
0x00000000085a9000 	/usr/lib/system/libsystem_kernel.dylib
0x00000000085a9000 	/usr/lib/system/libsystem_network.dylib
0x00000000085a9000 	/usr/lib/system/libsystem_notify.dylib
0x00000000085a9000 	/usr/lib/system/libsystem_sandbox.dylib
0x00000000085a9000 	/usr/lib/system/libunc.dylib
0x00000000085a9000 	/usr/lib/system/libunwind.dylib
0x00000000085a9000 	/usr/lib/system/libxpc.dylib
0x00000000085a9000 	/usr/lib/libbsm.0.dylib
0x00000000085a9000 	/usr/lib/libsqlite3.dylib
0x00000000085a9000 	/usr/lib/libOpenScriptingUtil.dylib
0x00000000085a9000 	/usr/lib/libpam.2.dylib
0x00000000085a9000 	/usr/lib/libxar-nossl.dylib
0x00000000085a9000 	/usr/lib/libbz2.1.0.dylib
0x00000000085a9000 	/System/Library/Frameworks/CoreServices.framework/Versions/A/Frameworks/CarbonCore.framework/Versions/A/CarbonCore
0x00000000085a9000 	/System/Library/Frameworks/CoreServices.framework/Versions/A/Frameworks/Metadata.framework/Versions/A/Metadata
0x00000000085a9000 	/System/Library/Frameworks/CoreServices.framework/Versions/A/Frameworks/OSServices.framework/Versions/A/OSServices
0x00000000085a9000 	/System/Library/Frameworks/CoreServices.framework/Versions/A/Frameworks/SearchKit.framework/Versions/A/SearchKit
0x00000000085a9000 	/System/Library/Frameworks/CoreServices.framework/Versions/A/Frameworks/AE.framework/Versions/A/AE
0x00000000085a9000 	/System/Library/Frameworks/CoreServices.framework/Versions/A/Frameworks/LaunchServices.framework/Versions/A/LaunchServices
0x00000000085a9000 	/System/Library/Frameworks/CoreServices.framework/Versions/A/Frameworks/DictionaryServices.framework/Versions/A/DictionaryServices
0x00000000085a9000 	/System/Library/Frameworks/NetFS.framework/Versions/A/NetFS
0x00000000085a9000 	/usr/lib/system/libkxld.dylib
0x00000000085a9000 	/System/Library/PrivateFrameworks/NetAuth.framework/Versions/A/NetAuth
0x00000000085a9000 	/usr/lib/libcrypto.0.9.8.dylib
0x00000000085a9000 	/System/Library/PrivateFrameworks/TrustEvaluationAgent.framework/Versions/A/TrustEvaluationAgent
0x00000000085a9000 	/System/Library/Frameworks/OpenDirectory.framework/Versions/A/Frameworks/CFOpenDirectory.framework/Versions/A/CFOpenDirectory
0x00000000085a9000 	/usr/lib/libxslt.1.dylib
0x00000000085a9000 	/System/Library/PrivateFrameworks/FamilyControls.framework/Versions/A/FamilyControls
0x00000000085a9000 	/System/Library/Frameworks/Carbon.framework/Versions/A/Frameworks/Ink.framework/Versions/A/Ink
0x00000000085a9000 	/System/Library/Frameworks/ApplicationServices.framework/Versions/A/Frameworks/CoreGraphics.framework/Versions/A/CoreGraphics
0x00000000085a9000 	/System/Library/Frameworks/ApplicationServices.framework/Versions/A/Frameworks/ImageIO.framework/Versions/A/ImageIO
0x00000000085a9000 	/System/Library/Frameworks/ApplicationServices.framework/Versions/A/Frameworks/CoreText.framework/Versions/A/CoreText
0x00000000085a9000 	/System/Library/Frameworks/ApplicationServices.framework/Versions/A/Frameworks/ATS.framework/Versions/A/ATS
0x00000000085a9000 	/System/Library/Frameworks/ApplicationServices.framework/Versions/A/Frameworks/ColorSync.framework/Versions/A/ColorSync
0x00000000085a9000 	/System/Library/Frameworks/ApplicationServices.framework/Versions/A/Frameworks/HIServices.framework/Versions/A/HIServices
0x00000000085a9000 	/System/Library/Frameworks/ApplicationServices.framework/Versions/A/Frameworks/LangAnalysis.framework/Versions/A/LangAnalysis
0x00000000085a9000 	/System/Library/Frameworks/ApplicationServices.framework/Versions/A/Frameworks/PrintCore.framework/Versions/A/PrintCore
0x00000000085a9000 	/System/Library/Frameworks/ApplicationServices.framework/Versions/A/Frameworks/QD.framework/Versions/A/QD
0x00000000085a9000 	/System/Library/Frameworks/ApplicationServices.framework/Versions/A/Frameworks/SpeechSynthesis.framework/Versions/A/SpeechSynthesis
0x00000000085a9000 	/System/Library/Frameworks/IOSurface.framework/Versions/A/IOSurface
0x00000000085a9000 	/System/Library/Frameworks/Accelerate.framework/Versions/A/Accelerate
0x00000000085a9000 	/System/Library/Frameworks/ApplicationServices.framework/Versions/A/Frameworks/ImageIO.framework/Versions/A/Resources/libJPEG.dylib
0x00000000085a9000 	/System/Library/Frameworks/ApplicationServices.framework/Versions/A/Frameworks/ImageIO.framework/Versions/A/Resources/libTIFF.dylib
0x00000000085a9000 	/System/Library/Frameworks/ApplicationServices.framework/Versions/A/Frameworks/ImageIO.framework/Versions/A/Resources/libPng.dylib
0x00000000085a9000 	/System/Library/Frameworks/ApplicationServices.framework/Versions/A/Frameworks/ImageIO.framework/Versions/A/Resources/libGIF.dylib
0x00000000085a9000 	/System/Library/Frameworks/ApplicationServices.framework/Versions/A/Frameworks/ImageIO.framework/Versions/A/Resources/libJP2.dylib
0x00000000085a9000 	/System/Library/Frameworks/ApplicationServices.framework/Versions/A/Frameworks/ImageIO.framework/Versions/A/Resources/libRadiance.dylib
0x00000000085a9000 	/System/Library/Frameworks/Accelerate.framework/Versions/A/Frameworks/vImage.framework/Versions/A/vImage
0x00000000085a9000 	/System/Library/Frameworks/Accelerate.framework/Versions/A/Frameworks/vecLib.framework/Versions/A/vecLib
0x00000000085a9000 	/System/Library/Frameworks/Accelerate.framework/Versions/A/Frameworks/vecLib.framework/Versions/A/libvDSP.dylib
0x00000000085a9000 	/System/Library/Frameworks/Accelerate.framework/Versions/A/Frameworks/vecLib.framework/Versions/A/libvMisc.dylib
0x00000000085a9000 	/System/Library/Frameworks/Accelerate.framework/Versions/A/Frameworks/vecLib.framework/Versions/A/libLAPACK.dylib
0x00000000085a9000 	/System/Library/Frameworks/Accelerate.framework/Versions/A/Frameworks/vecLib.framework/Versions/A/libBLAS.dylib
0x00000000085a9000 	/System/Library/Frameworks/ApplicationServices.framework/Versions/A/Frameworks/ATS.framework/Versions/A/Resources/libFontParser.dylib
0x00000000085a9000 	/System/Library/Frameworks/ApplicationServices.framework/Versions/A/Frameworks/ATS.framework/Versions/A/Resources/libFontRegistry.dylib
0x00000000085a9000 	/usr/lib/libcups.2.dylib
0x00000000085a9000 	/System/Library/Frameworks/Kerberos.framework/Versions/A/Kerberos
0x00000000085a9000 	/System/Library/Frameworks/GSS.framework/Versions/A/GSS
0x00000000085a9000 	/usr/lib/libresolv.9.dylib
0x00000000085a9000 	/usr/lib/libiconv.2.dylib
0x00000000085a9000 	/System/Library/PrivateFrameworks/Heimdal.framework/Versions/A/Heimdal
0x00000000085a9000 	/System/Library/Frameworks/OpenDirectory.framework/Versions/A/OpenDirectory
0x00000000085a9000 	/System/Library/PrivateFrameworks/CommonAuth.framework/Versions/A/CommonAuth
0x00000000085a9000 	/System/Library/Frameworks/CoreVideo.framework/Versions/A/CoreVideo
0x00000000085a9000 	/System/Library/Frameworks/QuartzCore.framework/Versions/A/Frameworks/CoreImage.framework/Versions/A/CoreImage
0x00000000085a9000 	/System/Library/Frameworks/QuartzCore.framework/Versions/A/Frameworks/ScalableUserInterface.framework/Versions/A/ScalableUserInterface
0x00000000085a9000 	/System/Library/Frameworks/OpenGL.framework/Versions/A/Libraries/libGLU.dylib
0x00000000085a9000 	/System/Library/Frameworks/OpenGL.framework/Versions/A/Libraries/libGFXShared.dylib
0x00000000085a9000 	/System/Library/Frameworks/OpenGL.framework/Versions/A/Libraries/libGL.dylib
0x00000000085a9000 	/System/Library/Frameworks/OpenGL.framework/Versions/A/Libraries/libGLImage.dylib
0x00000000085a9000 	/System/Library/Frameworks/OpenGL.framework/Versions/A/Libraries/libCVMSPluginSupport.dylib
0x00000000085a9000 	/System/Library/Frameworks/OpenGL.framework/Versions/A/Libraries/libCoreVMClient.dylib
0x00000000085a9000 	/System/Library/Frameworks/OpenCL.framework/Versions/A/OpenCL
0x00000000085a9000 	/System/Library/PrivateFrameworks/FaceCoreLight.framework/Versions/A/FaceCoreLight
0x00000000085a9000 	/System/Library/Frameworks/vecLib.framework/Versions/A/vecLib
0x00000000085a9000 	/System/Library/Frameworks/SecurityFoundation.framework/Versions/A/SecurityFoundation
0x00000000085a9000 	/System/Library/PrivateFrameworks/CommerceKit.framework/Versions/A/Frameworks/CommerceCore.framework/Versions/A/CommerceCore
0x00000000085a9000 	/System/Library/PrivateFrameworks/CoreSymbolication.framework/Versions/A/CoreSymbolication
0x00000000085a9000 	/System/Library/PrivateFrameworks/Symbolication.framework/Versions/A/Symbolication
0x00000000085a9000 	/System/Library/PrivateFrameworks/DebugSymbols.framework/Versions/A/DebugSymbols
0x000000010b600000 	/Library/Java/JavaVirtualMachines/jdk1.7.0_51.jdk/Contents/Home/jre/lib/server/libjvm.dylib
0x000000010b4ce000 	/Library/Java/JavaVirtualMachines/jdk1.7.0_51.jdk/Contents/Home/jre/lib/libverify.dylib
0x000000010c156000 	/Library/Java/JavaVirtualMachines/jdk1.7.0_51.jdk/Contents/Home/jre/lib/libjava.dylib
0x000000010b4e5000 	/Library/Java/JavaVirtualMachines/jdk1.7.0_51.jdk/Contents/Home/jre/lib/libzip.dylib
0x0000000118ab2000 	/System/Library/Frameworks/JavaVM.framework/Frameworks/JavaRuntimeSupport.framework/JavaRuntimeSupport
0x0000000118aca000 	/System/Library/Frameworks/JavaVM.framework/Versions/A/Frameworks/JavaNativeFoundation.framework/Versions/A/JavaNativeFoundation
0x000000010b4ef000 	/System/Library/Frameworks/JavaVM.framework/Versions/A/JavaVM
0x00000000085a9000 	/System/Library/Frameworks/Carbon.framework/Versions/A/Carbon
0x0000000118adf000 	/System/Library/PrivateFrameworks/JavaLaunching.framework/Versions/A/JavaLaunching
0x00000000085a9000 	/System/Library/Frameworks/Carbon.framework/Versions/A/Frameworks/CommonPanels.framework/Versions/A/CommonPanels
0x00000000085a9000 	/System/Library/Frameworks/Carbon.framework/Versions/A/Frameworks/Help.framework/Versions/A/Help
0x00000000085a9000 	/System/Library/Frameworks/Carbon.framework/Versions/A/Frameworks/ImageCapture.framework/Versions/A/ImageCapture
0x00000000085a9000 	/System/Library/Frameworks/Carbon.framework/Versions/A/Frameworks/OpenScripting.framework/Versions/A/OpenScripting
0x00000000085a9000 	/System/Library/Frameworks/Carbon.framework/Versions/A/Frameworks/Print.framework/Versions/A/Print
0x00000000085a9000 	/System/Library/Frameworks/Carbon.framework/Versions/A/Frameworks/SecurityHI.framework/Versions/A/SecurityHI

VM Arguments:
jvm_args: -Xbootclasspath/a:/Users/tangrammer/.lein/self-installs/leiningen-2.3.4-standalone.jar -XX:+TieredCompilation -XX:TieredStopAtLevel=1 -Dfile.encoding=UTF-8 -Dmaven.wagon.http.ssl.easy=false -Dleiningen.original.pwd=/Users/tangrammer/git/open-stack-wrapper -Dleiningen.script=/usr/local/bin/lein 
java_command: clojure.main -m leiningen.core.main install
Launcher Type: SUN_STANDARD

Environment Variables:
CLASSPATH=:/Users/tangrammer/.lein/self-installs/leiningen-2.3.4-standalone.jar
PATH=/usr/bin:/bin:/usr/sbin:/sbin:/usr/local/bin:/usr/X11/bin
SHELL=/bin/bash
DISPLAY=/tmp/launch-oYtaBq/org.x:0

Signal Handlers:
SIGSEGV: [libjvm.dylib+0x525425], sa_mask[0]=0xfffefeff, sa_flags=0x00000043
SIGBUS: [libjvm.dylib+0x525425], sa_mask[0]=0xfffefeff, sa_flags=0x00000042
SIGFPE: [libjvm.dylib+0x41892a], sa_mask[0]=0xfffefeff, sa_flags=0x00000042
SIGPIPE: [libjvm.dylib+0x41892a], sa_mask[0]=0xfffefeff, sa_flags=0x00000042
SIGXFSZ: [libjvm.dylib+0x41892a], sa_mask[0]=0xfffefeff, sa_flags=0x00000042
SIGILL: [libjvm.dylib+0x41892a], sa_mask[0]=0xfffefeff, sa_flags=0x00000042
SIGUSR1: SIG_DFL, sa_mask[0]=0x63807efb, sa_flags=0x00000000
SIGUSR2: [libjvm.dylib+0x41841c], sa_mask[0]=0x00000000, sa_flags=0x00000042
SIGHUP: [libjvm.dylib+0x4166ab], sa_mask[0]=0xfffefeff, sa_flags=0x00000042
SIGINT: [libjvm.dylib+0x4166ab], sa_mask[0]=0xfffefeff, sa_flags=0x00000042
SIGTERM: [libjvm.dylib+0x4166ab], sa_mask[0]=0xfffefeff, sa_flags=0x00000042
SIGQUIT: [libjvm.dylib+0x4166ab], sa_mask[0]=0xfffefeff, sa_flags=0x00000042


---------------  S Y S T E M  ---------------

OS:Bsduname:Darwin 11.4.2 Darwin Kernel Version 11.4.2: Thu Aug 23 16:25:48 PDT 2012; root:xnu-1699.32.7~1/RELEASE_X86_64 x86_64
rlimit: STACK 8192k, CORE 0k, NPROC 709, NOFILE 10240, AS infinity
load average:1.67 2.06 2.10

CPU:total 4 (2 cores per cpu, 2 threads per core) family 6 model 42 stepping 7, cmov, cx8, fxsr, mmx, sse, sse2, sse3, ssse3, sse4.1, sse4.2, popcnt, avx, aes, ht, tsc, tscinvbit

Memory: 4k page, physical 8388608k(2097152k free)

/proc/meminfo:


vm_info: Java HotSpot(TM) 64-Bit Server VM (24.51-b03) for bsd-amd64 JRE (1.7.0_51-b13), built on Dec 18 2013 18:45:56 by "java_re" with gcc 4.2.1 (Based on Apple Inc. build 5658) (LLVM build 2336.11.00)

time: Tue Feb  4 18:57:33 2014
elapsed time: 0 seconds

